#
# A fatal error has been detected by the Java Runtime Environment:
#
#  SIGSEGV (0xb) at pc=0x00007f1201a9b0a3, pid=6885, tid=0x00007f11ec0a8700
#
# JRE version: Java(TM) SE Runtime Environment (8.0_161-b12) (build 1.8.0_161-b12)
# Java VM: Java HotSpot(TM) 64-Bit Server VM (25.161-b12 mixed mode linux-amd64 compressed oops)
# Problematic frame:
# V  [libjvm.so+0x9960a3]  oopDesc* PSPromotionManager::copy_to_survivor_space<false>(oopDesc*)+0x143
#
# Failed to write core dump. Core dumps have been disabled. To enable core dumping, try "ulimit -c unlimited" before starting Java again
#
# If you would like to submit a bug report, please visit:
#   http://bugreport.java.com/bugreport/crash.jsp
#

---------------  T H R E A D  ---------------

Current thread (0x00007f11fc02d000):  GCTaskThread [stack: 0x00007f11ebfa8000,0x00007f11ec0a9000] [id=6890]

siginfo: si_signo: 11 (SIGSEGV), si_code: 1 (SEGV_MAPERR), si_addr: 0x00000001b009b2a8

Registers:
RAX=0x00007f12020a1300, RBX=0x00000000db752b34, RCX=0x0000000000000003, RDX=0x0000000000000001
RSP=0x00007f11ec0a78b0, RBP=0x00007f11ec0a7920, RSI=0x00000000d9355cb8, RDI=0x00000001b009b2a0
R8 =0x00000000db752ed8, R9 =0x00007f11fc0874d8, R10=0x00007f12020c5819, R11=0x00007f11ec0a7860
R12=0x00000000d9355cb8, R13=0x0000000000000019, R14=0x0000000000000000, R15=0x00007f11fc0874a8
RIP=0x00007f1201a9b0a3, EFLAGS=0x0000000000010206, CSGSFS=0x002b000000000033, ERR=0x0000000000000004
  TRAPNO=0x000000000000000e

Top of Stack: (sp=0x00007f11ec0a78b0)
0x00007f11ec0a78b0:   00007f11ec0a7930 00007f12020c5819
0x00007f11ec0a78c0:   000000010011c6a8 00007f11fc087440
0x00007f11ec0a78d0:   00007f11ec0a7930 00007f12017565b0
0x00007f11ec0a78e0:   00000000db74e040 0000000000001000
0x00007f11ec0a78f0:   00000000000003d8 00000000db752b34
0x00007f11ec0a7900:   00007f11fc087440 00007f12020a12f0
0x00007f11ec0a7910:   0000000000000000 00007f11fc0874a8
0x00007f11ec0a7920:   00007f11ec0a7a10 00007f1201a9a928
0x00007f11ec0a7930:   00007f11ec0a7990 00007f11ec0a79a0
0x00007f11ec0a7940:   00007f11ec0a79b0 00007f11ec0a7970
0x00007f11ec0a7950:   00007f11ec0a7980 00007f11ec0a79d0
0x00007f11ec0a7960:   0100000085218000 00007f11fc0874d8
0x00007f11ec0a7970:   00000000d93558c0 0000000000000019
0x00007f11ec0a7980:   0000000000000000 0000000000000005
0x00007f11ec0a7990:   00007f11ec0a7a10 00007f1201a9b4ce
0x00007f11ec0a79a0:   0000064b000025ac 00007f12020c5819
0x00007f11ec0a79b0:   0000064b000025ac 00007f11fc087440
0x00007f11ec0a79c0:   0000064c000025ac 00007f1201b4e52a
0x00007f11ec0a79d0:   00000000db752b35 00007f11e907f7c8
0x00007f11ec0a79e0:   0000000485218010 00000000db5e43a8
0x00007f11ec0a79f0:   00007f12020a12f0 0000000000000002
0x00007f11ec0a7a00:   00007f11ec0a7a30 00007f11ec0a7a3c
0x00007f11ec0a7a10:   00007f11ec0a7a70 00007f1201a9e72e
0x00007f11ec0a7a20:   00007f119c07b6d0 00007f11fc087440
0x00007f11ec0a7a30:   00000000db5e43a9 4d6559f9016e02f7
0x00007f11ec0a7a40:   00007f11ec0a7a70 00007f119c07b6d0
0x00007f11ec0a7a50:   00007f11fc02d000 0000000000000001
0x00007f11ec0a7a60:   00007f11fc02d790 00007f1201c60eab
0x00007f11ec0a7a70:   00007f11ec0a7b80 00007f12016e0fef
0x00007f11ec0a7a80:   0000000000000000 00007f11ec0a7ac0
0x00007f11ec0a7a90:   00007f11ec0a7b40 0000000000000000
0x00007f11ec0a7aa0:   00007f11fc02d7d0 00007f11fc02d7e0 

Instructions: (pc=0x00007f1201a9b0a3)
0x00007f1201a9b083:   83 e0 07 48 83 f8 05 75 d3 31 db eb d6 48 8b 05
0x00007f1201a9b093:   99 70 5e 00 8b 7e 08 8b 48 08 48 d3 e7 48 03 38
0x00007f1201a9b0a3:   8b 77 08 83 fe 00 0f 8f 0a ff ff ff 0f 85 4b 02
0x00007f1201a9b0b3:   00 00 0f 1f 00 48 8b 07 4c 89 e6 4c 89 55 98 ff 

Register to memory mapping:

RAX=0x00007f12020a1300: <offset 0xf9c300> in /usr/lib/jvm/java-8-oracle/jre/lib/amd64/server/libjvm.so at 0x00007f1201105000
RBX=0x00000000db752b34 is an unknown value
RCX=0x0000000000000003 is an unknown value
RDX=0x0000000000000001 is an unknown value
RSP=0x00007f11ec0a78b0 is an unknown value
RBP=0x00007f11ec0a7920 is an unknown value
RSI=0x00000000d9355cb8 is an oop
org.springframework.util.ConcurrentReferenceHashMap$Segment 
 - klass: 'org/springframework/util/ConcurrentReferenceHashMap$Segment'
RDI=0x00000001b009b2a0 is an unknown value
R8 =0x00000000db752ed8 is an oop
[Lorg.springframework.util.ConcurrentReferenceHashMap$Reference; 
 - klass: 'org/springframework/util/ConcurrentReferenceHashMap$Reference'[]
 - length: 16
R9 =0x00007f11fc0874d8 is an unknown value
R10=0x00007f12020c5819: <offset 0xfc0819> in /usr/lib/jvm/java-8-oracle/jre/lib/amd64/server/libjvm.so at 0x00007f1201105000
R11=0x00007f11ec0a7860 is an unknown value
R12=0x00000000d9355cb8 is an oop
org.springframework.util.ConcurrentReferenceHashMap$Segment 
 - klass: 'org/springframework/util/ConcurrentReferenceHashMap$Segment'
R13=0x0000000000000019 is an unknown value
R14=0x0000000000000000 is an unknown value
R15=0x00007f11fc0874a8 is an unknown value


Stack: [0x00007f11ebfa8000,0x00007f11ec0a9000],  sp=0x00007f11ec0a78b0,  free space=1022k
Native frames: (J=compiled Java code, j=interpreted, Vv=VM code, C=native code)
V  [libjvm.so+0x9960a3]  oopDesc* PSPromotionManager::copy_to_survivor_space<false>(oopDesc*)+0x143
V  [libjvm.so+0x995928]  PSPromotionManager::drain_stacks_depth(bool)+0x7e8
V  [libjvm.so+0x99972e]  StealTask::do_it(GCTaskManager*, unsigned int)+0x19e
V  [libjvm.so+0x5dbfef]  GCTaskThread::run()+0x12f
V  [libjvm.so+0x92da28]  java_start(Thread*)+0x108


---------------  P R O C E S S  ---------------

Java Threads: ( => current thread )
  0x00007f11fc904800 JavaThread "background-preinit" [_thread_blocked, id=6929, stack(0x00007f11d801f000,0x00007f11d8120000)]
  0x00007f11fc0e6000 JavaThread "Service Thread" daemon [_thread_blocked, id=6908, stack(0x00007f11e849f000,0x00007f11e85a0000)]
  0x00007f11fc0d3000 JavaThread "C1 CompilerThread3" daemon [_thread_blocked, id=6907, stack(0x00007f11e85a0000,0x00007f11e86a1000)]
  0x00007f11fc0d1000 JavaThread "C2 CompilerThread2" daemon [_thread_blocked, id=6906, stack(0x00007f11e86a1000,0x00007f11e87a2000)]
  0x00007f11fc0cf000 JavaThread "C2 CompilerThread1" daemon [_thread_blocked, id=6905, stack(0x00007f11e87a2000,0x00007f11e88a3000)]
  0x00007f11fc0cc000 JavaThread "C2 CompilerThread0" daemon [_thread_blocked, id=6904, stack(0x00007f11e88a3000,0x00007f11e89a4000)]
  0x00007f11fc0ca800 JavaThread "Signal Dispatcher" daemon [_thread_blocked, id=6903, stack(0x00007f11e89a4000,0x00007f11e8aa5000)]
  0x00007f11fc096800 JavaThread "Finalizer" daemon [_thread_blocked, id=6902, stack(0x00007f11e8d7e000,0x00007f11e8e7f000)]
  0x00007f11fc092000 JavaThread "Reference Handler" daemon [_thread_blocked, id=6899, stack(0x00007f11e8e7f000,0x00007f11e8f80000)]
  0x00007f11fc014800 JavaThread "main" [_thread_blocked, id=6887, stack(0x00007f1202c00000,0x00007f1202d01000)]

Other Threads:
  0x00007f11fc08a800 VMThread [stack: 0x00007f11e8f80000,0x00007f11e9081000] [id=6896]
  0x00007f11fc0eb000 WatcherThread [stack: 0x00007f11e839e000,0x00007f11e849f000] [id=6909]

=>0x00007f11fc02d000 (exited) GCTaskThread [stack: 0x00007f11ebfa8000,0x00007f11ec0a9000] [id=6890]

VM state:at safepoint (normal execution)

VM Mutex/Monitor currently owned by a thread:  ([mutex/lock_event])
[0x00007f11fc010a40] Threads_lock - owner thread: 0x00007f11fc08a800
[0x00007f11fc010f40] Heap_lock - owner thread: 0x00007f11fc014800

Heap:
 PSYoungGen      total 36864K, used 36849K [0x00000000d7100000, 0x00000000db900000, 0x0000000100000000)
  eden space 31744K, 100% used [0x00000000d7100000,0x00000000d9000000,0x00000000d9000000)
  from space 5120K, 99% used [0x00000000d9000000,0x00000000d94fc7e8,0x00000000d9500000)
  to   space 5120K, 85% used [0x00000000db400000,0x00000000db846040,0x00000000db900000)
 ParOldGen       total 84992K, used 104K [0x0000000085200000, 0x000000008a500000, 0x00000000d7100000)
  object space 84992K, 0% used [0x0000000085200000,0x000000008521a010,0x000000008a500000)
 Metaspace       used 18042K, capacity 18592K, committed 18944K, reserved 1064960K
  class space    used 2321K, capacity 2463K, committed 2560K, reserved 1048576K

Card table byte_map: [0x00007f11ec43a000,0x00007f11ec812000] byte_map_base: 0x00007f11ec011000

Marking Bits: (ParMarkBitMap*) 0x00007f12020d4920
 Begin Bits: [0x00007f11d8290000, 0x00007f11da148000)
 End Bits:   [0x00007f11da148000, 0x00007f11dc000000)

Polling page: 0x00007f1202d27000

CodeCache: size=245760Kb used=4678Kb max_used=4690Kb free=241081Kb
 bounds [0x00007f11ecbd2000, 0x00007f11ed072000, 0x00007f11fbbd2000]
 total_blobs=1803 nmethods=1451 adapters=265
 compilation: enabled

Compilation events (10 events):
Event: 1,291 Thread 0x00007f11fc0d3000 1449   !   3       sun.reflect.GeneratedMethodAccessor2::invoke (63 bytes)
Event: 1,292 Thread 0x00007f11fc0d3000 nmethod 1449 0x00007f11ed062550 code [0x00007f11ed062740, 0x00007f11ed062e58]
Event: 1,292 Thread 0x00007f11fc0d3000 1448       3       org.springframework.core.SerializableTypeWrapper$MethodInvokeTypeProvider::<init> (36 bytes)
Event: 1,292 Thread 0x00007f11fc0d3000 nmethod 1448 0x00007f11ed0631d0 code [0x00007f11ed063340, 0x00007f11ed063670]
Event: 1,292 Thread 0x00007f11fc0d3000 1450       3       java.lang.reflect.Constructor::<init> (50 bytes)
Event: 1,292 Thread 0x00007f11fc0d3000 nmethod 1450 0x00007f11ed063750 code [0x00007f11ed0638c0, 0x00007f11ed063bd0]
Event: 1,292 Thread 0x00007f11fc0d3000 1442       3       java.lang.reflect.AccessibleObject::setAccessible0 (42 bytes)
Event: 1,292 Thread 0x00007f11fc0d3000 nmethod 1442 0x00007f11ed063d50 code [0x00007f11ed063ee0, 0x00007f11ed064408]
Event: 1,293 Thread 0x00007f11fc0cf000 1451       4       java.util.jar.Manifest$FastInputStream::readLine (167 bytes)
Event: 1,297 Thread 0x00007f11fc0cf000 nmethod 1451 0x00007f11ed067810 code [0x00007f11ed067980, 0x00007f11ed067dc8]

GC Heap History (7 events):
Event: 0,771 GC heap before
{Heap before GC invocations=1 (full 0):
 PSYoungGen      total 36864K, used 31744K [0x00000000d7100000, 0x00000000d9a00000, 0x0000000100000000)
  eden space 31744K, 100% used [0x00000000d7100000,0x00000000d9000000,0x00000000d9000000)
  from space 5120K, 0% used [0x00000000d9500000,0x00000000d9500000,0x00000000d9a00000)
  to   space 5120K, 0% used [0x00000000d9000000,0x00000000d9000000,0x00000000d9500000)
 ParOldGen       total 84992K, used 0K [0x0000000085200000, 0x000000008a500000, 0x00000000d7100000)
  object space 84992K, 0% used [0x0000000085200000,0x0000000085200000,0x000000008a500000)
 Metaspace       used 9703K, capacity 9930K, committed 10240K, reserved 1058816K
  class space    used 1160K, capacity 1241K, committed 1280K, reserved 1048576K
Event: 0,773 GC heap after
Heap after GC invocations=1 (full 0):
 PSYoungGen      total 36864K, used 4375K [0x00000000d7100000, 0x00000000d9a00000, 0x0000000100000000)
  eden space 31744K, 0% used [0x00000000d7100000,0x00000000d7100000,0x00000000d9000000)
  from space 5120K, 85% used [0x00000000d9000000,0x00000000d9445e78,0x00000000d9500000)
  to   space 5120K, 0% used [0x00000000d9500000,0x00000000d9500000,0x00000000d9a00000)
 ParOldGen       total 84992K, used 80K [0x0000000085200000, 0x000000008a500000, 0x00000000d7100000)
  object space 84992K, 0% used [0x0000000085200000,0x0000000085214010,0x000000008a500000)
 Metaspace       used 9703K, capacity 9930K, committed 10240K, reserved 1058816K
  class space    used 1160K, capacity 1241K, committed 1280K, reserved 1048576K
}
Event: 1,000 GC heap before
{Heap before GC invocations=2 (full 0):
 PSYoungGen      total 36864K, used 36119K [0x00000000d7100000, 0x00000000d9a00000, 0x0000000100000000)
  eden space 31744K, 100% used [0x00000000d7100000,0x00000000d9000000,0x00000000d9000000)
  from space 5120K, 85% used [0x00000000d9000000,0x00000000d9445e78,0x00000000d9500000)
  to   space 5120K, 0% used [0x00000000d9500000,0x00000000d9500000,0x00000000d9a00000)
 ParOldGen       total 84992K, used 80K [0x0000000085200000, 0x000000008a500000, 0x00000000d7100000)
  object space 84992K, 0% used [0x0000000085200000,0x0000000085214010,0x000000008a500000)
 Metaspace       used 13226K, capacity 13616K, committed 13824K, reserved 1060864K
  class space    used 1589K, capacity 1696K, committed 1792K, reserved 1048576K
Event: 1,004 GC heap after
Heap after GC invocations=2 (full 0):
 PSYoungGen      total 36864K, used 4970K [0x00000000d7100000, 0x00000000d9a00000, 0x0000000100000000)
  eden space 31744K, 0% used [0x00000000d7100000,0x00000000d7100000,0x00000000d9000000)
  from space 5120K, 97% used [0x00000000d9500000,0x00000000d99da9c8,0x00000000d9a00000)
  to   space 5120K, 0% used [0x00000000d9000000,0x00000000d9000000,0x00000000d9500000)
 ParOldGen       total 84992K, used 88K [0x0000000085200000, 0x000000008a500000, 0x00000000d7100000)
  object space 84992K, 0% used [0x0000000085200000,0x0000000085216010,0x000000008a500000)
 Metaspace       used 13226K, capacity 13616K, committed 13824K, reserved 1060864K
  class space    used 1589K, capacity 1696K, committed 1792K, reserved 1048576K
}
Event: 1,130 GC heap before
{Heap before GC invocations=3 (full 0):
 PSYoungGen      total 36864K, used 36714K [0x00000000d7100000, 0x00000000d9a00000, 0x0000000100000000)
  eden space 31744K, 100% used [0x00000000d7100000,0x00000000d9000000,0x00000000d9000000)
  from space 5120K, 97% used [0x00000000d9500000,0x00000000d99da9c8,0x00000000d9a00000)
  to   space 5120K, 0% used [0x00000000d9000000,0x00000000d9000000,0x00000000d9500000)
 ParOldGen       total 84992K, used 88K [0x0000000085200000, 0x000000008a500000, 0x00000000d7100000)
  object space 84992K, 0% used [0x0000000085200000,0x0000000085216010,0x000000008a500000)
 Metaspace       used 15119K, capacity 15598K, committed 15744K, reserved 1062912K
  class space    used 1968K, capacity 2126K, committed 2176K, reserved 1048576K
Event: 1,136 GC heap after
Heap after GC invocations=3 (full 0):
 PSYoungGen      total 36864K, used 5105K [0x00000000d7100000, 0x00000000db900000, 0x0000000100000000)
  eden space 31744K, 0% used [0x00000000d7100000,0x00000000d7100000,0x00000000d9000000)
  from space 5120K, 99% used [0x00000000d9000000,0x00000000d94fc7e8,0x00000000d9500000)
  to   space 5120K, 0% used [0x00000000db400000,0x00000000db400000,0x00000000db900000)
 ParOldGen       total 84992K, used 96K [0x0000000085200000, 0x000000008a500000, 0x00000000d7100000)
  object space 84992K, 0% used [0x0000000085200000,0x0000000085218010,0x000000008a500000)
 Metaspace       used 15119K, capacity 15598K, committed 15744K, reserved 1062912K
  class space    used 1968K, capacity 2126K, committed 2176K, reserved 1048576K
}
Event: 1,308 GC heap before
{Heap before GC invocations=4 (full 0):
 PSYoungGen      total 36864K, used 36849K [0x00000000d7100000, 0x00000000db900000, 0x0000000100000000)
  eden space 31744K, 100% used [0x00000000d7100000,0x00000000d9000000,0x00000000d9000000)
  from space 5120K, 99% used [0x00000000d9000000,0x00000000d94fc7e8,0x00000000d9500000)
  to   space 5120K, 0% used [0x00000000db400000,0x00000000db400000,0x00000000db900000)
 ParOldGen       total 84992K, used 96K [0x0000000085200000, 0x000000008a500000, 0x00000000d7100000)
  object space 84992K, 0% used [0x0000000085200000,0x0000000085218010,0x000000008a500000)
 Metaspace       used 18042K, capacity 18592K, committed 18944K, reserved 1064960K
  class space    used 2321K, capacity 2463K, committed 2560K, reserved 1048576K

Deoptimization events (9 events):
Event: 0,085 Thread 0x00007f11fc014800 Uncommon trap: reason=unstable_if action=reinterpret pc=0x00007f11eccd4484 method=java.lang.String.hashCode()I @ 14
Event: 0,113 Thread 0x00007f11fc014800 Uncommon trap: reason=unstable_if action=reinterpret pc=0x00007f11eccf58b4 method=java.lang.String.indexOf(II)I @ 49
Event: 0,305 Thread 0x00007f11fc014800 Uncommon trap: reason=unstable_if action=reinterpret pc=0x00007f11ecd64694 method=java.lang.String.indexOf([CII[CIII)I @ 3
Event: 0,492 Thread 0x00007f11fc014800 Uncommon trap: reason=unstable_if action=reinterpret pc=0x00007f11ecdc3294 method=java.lang.String.replace(CC)Ljava/lang/String; @ 26
Event: 0,626 Thread 0x00007f11fc014800 Uncommon trap: reason=unstable_if action=reinterpret pc=0x00007f11ece7a404 method=java.lang.String.lastIndexOf([CII[CIII)I @ 17
Event: 0,793 Thread 0x00007f11fc014800 Uncommon trap: reason=unstable_if action=reinterpret pc=0x00007f11ece467e0 method=java.util.HashMap.getNode(ILjava/lang/Object;)Ljava/util/HashMap$Node; @ 129
Event: 0,793 Thread 0x00007f11fc014800 Uncommon trap: reason=unstable_if action=reinterpret pc=0x00007f11ece3d028 method=java.util.HashMap.getNode(ILjava/lang/Object;)Ljava/util/HashMap$Node; @ 129
Event: 0,931 Thread 0x00007f11fc904800 Uncommon trap: reason=unstable_if action=reinterpret pc=0x00007f11ece54650 method=sun.net.www.ParseUtil.encodePath(Ljava/lang/String;Z)Ljava/lang/String; @ 109
Event: 1,109 Thread 0x00007f11fc014800 Uncommon trap: reason=unstable_if action=reinterpret pc=0x00007f11ecfa87e8 method=org.springframework.boot.context.properties.source.ConfigurationPropertyName.elementEquals(Ljava/lang/CharSequence;Ljava/lang/CharSequence;)Z @ 75

Classes redefined (0 events):
No events

Internal exceptions (10 events):
Event: 0,577 Thread 0x00007f11fc014800 Exception <a 'java/lang/ArrayIndexOutOfBoundsException'> (0x00000000d85167f0) thrown at [/HUDSON/workspace/8-2-build-linux-amd64/jdk8u161/10277/hotspot/src/share/vm/runtime/sharedRuntime.cpp, line 605]
Event: 0,577 Thread 0x00007f11fc014800 Exception <a 'java/lang/ArrayIndexOutOfBoundsException'> (0x00000000d8518520) thrown at [/HUDSON/workspace/8-2-build-linux-amd64/jdk8u161/10277/hotspot/src/share/vm/runtime/sharedRuntime.cpp, line 605]
Event: 0,578 Thread 0x00007f11fc014800 Exception <a 'java/lang/ArrayIndexOutOfBoundsException'> (0x00000000d8520410) thrown at [/HUDSON/workspace/8-2-build-linux-amd64/jdk8u161/10277/hotspot/src/share/vm/runtime/sharedRuntime.cpp, line 605]
Event: 0,579 Thread 0x00007f11fc014800 Exception <a 'java/lang/ArrayIndexOutOfBoundsException'> (0x00000000d852e4e0) thrown at [/HUDSON/workspace/8-2-build-linux-amd64/jdk8u161/10277/hotspot/src/share/vm/runtime/sharedRuntime.cpp, line 605]
Event: 0,625 Thread 0x00007f11fc014800 Exception <a 'java/io/FileNotFoundException'> (0x00000000d8961560) thrown at [/HUDSON/workspace/8-2-build-linux-amd64/jdk8u161/10277/hotspot/src/share/vm/prims/jni.cpp, line 709]
Event: 0,765 Thread 0x00007f11fc014800 Exception <a 'java/io/FileNotFoundException'> (0x00000000d8e36ea0) thrown at [/HUDSON/workspace/8-2-build-linux-amd64/jdk8u161/10277/hotspot/src/share/vm/prims/jni.cpp, line 709]
Event: 0,938 Thread 0x00007f11fc014800 Exception <a 'java/lang/NoSuchMethodError': java.lang.Object.lambda$identity$2(Ljava/lang/Object;)Ljava/lang/Object;> (0x00000000d8289858) thrown at [/HUDSON/workspace/8-2-build-linux-amd64/jdk8u161/10277/hotspot/src/share/vm/interpreter/linkResolver.cpp,
Event: 0,941 Thread 0x00007f11fc014800 Exception <a 'java/lang/NoSuchMethodError': java.lang.Object.lambda$static$0(CI)C> (0x00000000d82b4ed0) thrown at [/HUDSON/workspace/8-2-build-linux-amd64/jdk8u161/10277/hotspot/src/share/vm/interpreter/linkResolver.cpp, line 620]
Event: 0,941 Thread 0x00007f11fc014800 Exception <a 'java/lang/NoSuchMethodError': java.lang.Object.lambda$static$1(CI)C> (0x00000000d82b7938) thrown at [/HUDSON/workspace/8-2-build-linux-amd64/jdk8u161/10277/hotspot/src/share/vm/interpreter/linkResolver.cpp, line 620]
Event: 0,945 Thread 0x00007f11fc014800 Exception <a 'java/lang/NoSuchMethodError': java.lang.Object.lambda$chars$0()Ljava/util/Spliterator$OfInt;> (0x00000000d83967d0) thrown at [/HUDSON/workspace/8-2-build-linux-amd64/jdk8u161/10277/hotspot/src/share/vm/interpreter/linkResolver.cpp, line 620]

Events (10 events):
Event: 1,307 loading class com/fasterxml/jackson/databind/util/ClassUtil done
Event: 1,307 loading class org/springframework/expression/spel/SpelCompilerMode
Event: 1,307 loading class org/springframework/expression/spel/SpelCompilerMode done
Event: 1,308 loading class org/springframework/beans/support/ResourceEditorRegistrar
Event: 1,308 loading class org/springframework/beans/support/ResourceEditorRegistrar done
Event: 1,308 loading class org/springframework/context/support/ApplicationContextAwareProcessor
Event: 1,308 loading class org/springframework/context/support/ApplicationContextAwareProcessor done
Event: 1,308 loading class org/springframework/util/StringValueResolver
Event: 1,308 loading class org/springframework/util/StringValueResolver done
Event: 1,308 Executing VM operation: ParallelGCFailedAllocation


Dynamic libraries:
00400000-00401000 r-xp 00000000 08:11 2235580                            /usr/lib/jvm/java-8-oracle/bin/java
00600000-00601000 rw-p 00000000 08:11 2235580                            /usr/lib/jvm/java-8-oracle/bin/java
011ea000-0120b000 rw-p 00000000 00:00 0                                  [heap]
85200000-8a500000 rw-p 00000000 00:00 0 
8a500000-d7100000 ---p 00000000 00:00 0 
d7100000-db900000 rw-p 00000000 00:00 0 
db900000-100000000 ---p 00000000 00:00 0 
100000000-100280000 rw-p 00000000 00:00 0 
100280000-140000000 ---p 00000000 00:00 0 
7f118c000000-7f118c021000 rw-p 00000000 00:00 0 
7f118c021000-7f1190000000 ---p 00000000 00:00 0 
7f1193c00000-7f1193e00000 rw-p 00000000 00:00 0 
7f1193e00000-7f1194000000 rw-p 00000000 00:00 0 
7f1194000000-7f1194021000 rw-p 00000000 00:00 0 
7f1194021000-7f1198000000 ---p 00000000 00:00 0 
7f1198000000-7f11982f0000 rw-p 00000000 00:00 0 
7f11982f0000-7f119c000000 ---p 00000000 00:00 0 
7f119c000000-7f119c1fa000 rw-p 00000000 00:00 0 
7f119c1fa000-7f11a0000000 ---p 00000000 00:00 0 
7f11a0000000-7f11a0021000 rw-p 00000000 00:00 0 
7f11a0021000-7f11a4000000 ---p 00000000 00:00 0 
7f11a4000000-7f11a4375000 rw-p 00000000 00:00 0 
7f11a4375000-7f11a8000000 ---p 00000000 00:00 0 
7f11a8000000-7f11a83f5000 rw-p 00000000 00:00 0 
7f11a83f5000-7f11ac000000 ---p 00000000 00:00 0 
7f11ac000000-7f11ac021000 rw-p 00000000 00:00 0 
7f11ac021000-7f11b0000000 ---p 00000000 00:00 0 
7f11b0000000-7f11b0588000 rw-p 00000000 00:00 0 
7f11b0588000-7f11b4000000 ---p 00000000 00:00 0 
7f11b4000000-7f11b4021000 rw-p 00000000 00:00 0 
7f11b4021000-7f11b8000000 ---p 00000000 00:00 0 
7f11b8000000-7f11b8021000 rw-p 00000000 00:00 0 
7f11b8021000-7f11bc000000 ---p 00000000 00:00 0 
7f11bc000000-7f11bc021000 rw-p 00000000 00:00 0 
7f11bc021000-7f11c0000000 ---p 00000000 00:00 0 
7f11c0000000-7f11c0021000 rw-p 00000000 00:00 0 
7f11c0021000-7f11c4000000 ---p 00000000 00:00 0 
7f11c4000000-7f11c4021000 rw-p 00000000 00:00 0 
7f11c4021000-7f11c8000000 ---p 00000000 00:00 0 
7f11c8000000-7f11c8021000 rw-p 00000000 00:00 0 
7f11c8021000-7f11cc000000 ---p 00000000 00:00 0 
7f11cc000000-7f11cc021000 rw-p 00000000 00:00 0 
7f11cc021000-7f11d0000000 ---p 00000000 00:00 0 
7f11d0097000-7f11d00a0000 r-xp 00000000 08:11 3413015                    /usr/lib/jvm/java-8-oracle/jre/lib/amd64/libmanagement.so
7f11d00a0000-7f11d029f000 ---p 00009000 08:11 3413015                    /usr/lib/jvm/java-8-oracle/jre/lib/amd64/libmanagement.so
7f11d029f000-7f11d02a0000 rw-p 00008000 08:11 3413015                    /usr/lib/jvm/java-8-oracle/jre/lib/amd64/libmanagement.so
7f11d02a0000-7f11d02b7000 r-xp 00000000 08:11 4718688                    /lib/x86_64-linux-gnu/libresolv-2.23.so
7f11d02b7000-7f11d04b7000 ---p 00017000 08:11 4718688                    /lib/x86_64-linux-gnu/libresolv-2.23.so
7f11d04b7000-7f11d04b8000 r--p 00017000 08:11 4718688                    /lib/x86_64-linux-gnu/libresolv-2.23.so
7f11d04b8000-7f11d04b9000 rw-p 00018000 08:11 4718688                    /lib/x86_64-linux-gnu/libresolv-2.23.so
7f11d04b9000-7f11d04bb000 rw-p 00000000 00:00 0 
7f11d04bb000-7f11d04c0000 r-xp 00000000 08:11 4723599                    /lib/x86_64-linux-gnu/libnss_dns-2.23.so
7f11d04c0000-7f11d06c0000 ---p 00005000 08:11 4723599                    /lib/x86_64-linux-gnu/libnss_dns-2.23.so
7f11d06c0000-7f11d06c1000 r--p 00005000 08:11 4723599                    /lib/x86_64-linux-gnu/libnss_dns-2.23.so
7f11d06c1000-7f11d06c2000 rw-p 00006000 08:11 4723599                    /lib/x86_64-linux-gnu/libnss_dns-2.23.so
7f11d06c2000-7f11d06c4000 r-xp 00000000 08:11 4723659                    /lib/x86_64-linux-gnu/libnss_mdns4_minimal.so.2
7f11d06c4000-7f11d08c3000 ---p 00002000 08:11 4723659                    /lib/x86_64-linux-gnu/libnss_mdns4_minimal.so.2
7f11d08c3000-7f11d08c4000 r--p 00001000 08:11 4723659                    /lib/x86_64-linux-gnu/libnss_mdns4_minimal.so.2
7f11d08c4000-7f11d08c5000 rw-p 00002000 08:11 4723659                    /lib/x86_64-linux-gnu/libnss_mdns4_minimal.so.2
7f11d08e7000-7f11d08ea000 ---p 00000000 00:00 0 
7f11d08ea000-7f11d39e9000 rw-p 00000000 00:00 0 
7f11d39e9000-7f11d39ff000 r-xp 00000000 08:11 3413007                    /usr/lib/jvm/java-8-oracle/jre/lib/amd64/libnet.so
7f11d39ff000-7f11d3bff000 ---p 00016000 08:11 3413007                    /usr/lib/jvm/java-8-oracle/jre/lib/amd64/libnet.so
7f11d3bff000-7f11d3c00000 rw-p 00016000 08:11 3413007                    /usr/lib/jvm/java-8-oracle/jre/lib/amd64/libnet.so
7f11d3c00000-7f11d3e00000 rw-p 00000000 00:00 0 
7f11d3e00000-7f11d4000000 rw-p 00000000 00:00 0 
7f11d4000000-7f11d4292000 rw-p 00000000 00:00 0 
7f11d4292000-7f11d8000000 ---p 00000000 00:00 0 
7f11d801f000-7f11d8022000 ---p 00000000 00:00 0 
7f11d8022000-7f11d8120000 rw-p 00000000 00:00 0 
7f11d8120000-7f11d8122000 r--s 0000c000 08:11 6298022                    /home/ridwan/.gradle/caches/modules-2/files-2.1/org.ow2.asm/asm/5.0.4/da08b8cce7bbf903602a25a3a163ae252435795/asm-5.0.4.jar
7f11d8122000-7f11d8124000 r--s 00006000 08:11 6298020                    /home/ridwan/.gradle/caches/modules-2/files-2.1/net.minidev/accessors-smart/1.2/c592b500269bfde36096641b01238a8350f8aa31/accessors-smart-1.2.jar
7f11d8124000-7f11d8125000 r--s 00004000 08:11 6298019                    /home/ridwan/.gradle/caches/modules-2/files-2.1/com.vaadin.external.google/android-json/0.0.20131108.vaadin1/fa26d351fe62a6a17f5cda1287c1c6110dec413f/android-json-0.0.20131108.vaadin1.jar
7f11d8125000-7f11d8127000 r--s 0000c000 08:11 6298021                    /home/ridwan/.gradle/caches/modules-2/files-2.1/org.objenesis/objenesis/2.6/639033469776fd37c08358c6b92a4761feb2af4b/objenesis-2.6.jar
7f11d8127000-7f11d8129000 r--s 00009000 08:11 6293186                    /home/ridwan/.gradle/caches/modules-2/files-2.1/net.bytebuddy/byte-buddy-agent/1.7.11/b425a8933ca07edd03c6dbc8bc3b595fba9780de/byte-buddy-agent-1.7.11.jar
7f11d8129000-7f11d8165000 r--s 00290000 08:11 6293181                    /home/ridwan/.gradle/caches/modules-2/files-2.1/net.bytebuddy/byte-buddy/1.7.11/f02857a4e2c66ccbe7aaad6100a0a6c461bce9b3/byte-buddy-1.7.11.jar
7f11d8165000-7f11d8168000 r--s 0001b000 08:11 6298014                    /home/ridwan/.gradle/caches/modules-2/files-2.1/net.minidev/json-smart/2.3/7396407491352ce4fa30de92efb158adb76b5b/json-smart-2.3.jar
7f11d8168000-7f11d816d000 r--s 00022000 08:11 6298013                    /home/ridwan/.gradle/caches/modules-2/files-2.1/org.xmlunit/xmlunit-core/2.5.1/4ffdb346572a7356f7521cd3119ce5287d2e339d/xmlunit-core-2.5.1.jar
7f11d816d000-7f11d816f000 r--s 00006000 08:11 6298012                    /home/ridwan/.gradle/caches/modules-2/files-2.1/org.skyscreamer/jsonassert/1.5.0/6c9d5fe2f59da598d9aefc1cfc6528ff3cf32df3/jsonassert-1.5.0.jar
7f11d816f000-7f11d8171000 r--s 00009000 08:11 6298007                    /home/ridwan/.gradle/caches/modules-2/files-2.1/org.hamcrest/hamcrest-core/1.3/42a25dc3219429f0e5d060061f71acb49bf010a0/hamcrest-core-1.3.jar
7f11d8171000-7f11d8172000 r--s 0000c000 08:11 6298003                    /home/ridwan/.gradle/caches/modules-2/files-2.1/org.hamcrest/hamcrest-library/1.3/4785a3c21320980282f9f33d0d1264a69040538f/hamcrest-library-1.3.jar
7f11d8172000-7f11d8182000 r--s 00075000 08:11 6298018                    /home/ridwan/.gradle/caches/modules-2/files-2.1/org.mockito/mockito-core/2.15.0/b84bfbbc29cd22c9529409627af6ea2897f4fa85/mockito-core-2.15.0.jar
7f11d8182000-7f11d81d7000 r--s 00367000 08:11 6298009                    /home/ridwan/.gradle/caches/modules-2/files-2.1/org.assertj/assertj-core/3.9.1/c5ce126b15f28d56cd8f960c1a6a058b9c9aea87/assertj-core-3.9.1.jar
7f11d81d7000-7f11d81df000 r--s 00045000 08:11 6298008                    /home/ridwan/.gradle/caches/modules-2/files-2.1/junit/junit/4.12/2973d150c0dc1fefe998f834810d68f278ea58ec/junit-4.12.jar
7f11d81df000-7f11d81e5000 r--s 00031000 08:11 6298011                    /home/ridwan/.gradle/caches/modules-2/files-2.1/com.jayway.jsonpath/json-path/2.4.0/765a4401ceb2dc8d40553c2075eb80a8fa35c2ae/json-path-2.4.0.jar
7f11d81e5000-7f11d81ea000 r--s 0002b000 08:11 6293185                    /home/ridwan/.gradle/caches/modules-2/files-2.1/org.springframework.boot/spring-boot-test/2.0.4.RELEASE/8a17fc3cf16b6d75f2ba132ade04409a670095de/spring-boot-test-2.0.4.RELEASE.jar
7f11d81ea000-7f11d81f1000 r--s 00020000 08:11 6293187                    /home/ridwan/.gradle/caches/modules-2/files-2.1/org.springframework.boot/spring-boot-test-autoconfigure/2.0.4.RELEASE/8a2e3f31e607fdb08deda2f59263ce177f1c4310/spring-boot-test-autoconfigure-2.0.4.RELEASE.jar
7f11d81f1000-7f11d81fe000 r--s 00087000 08:11 6293183                    /home/ridwan/.gradle/caches/modules-2/files-2.1/org.springframework/spring-test/5.0.8.RELEASE/5782619373bd7e7b7d9106203c317b04bb613ebb/spring-test-5.0.8.RELEASE.jar
7f11d81fe000-7f11d8205000 r--s 00049000 08:11 6293169                    /home/ridwan/.gradle/caches/modules-2/files-2.1/org.apache.httpcomponents/httpcore/4.4.10/acc54d9b28bdffe4bbde89ed2e4a1e86b5285e2b/httpcore-4.4.10.jar
7f11d8205000-7f11d8207000 r--s 00010000 08:11 6293167                    /home/ridwan/.gradle/caches/modules-2/files-2.1/org.springframework.security/spring-security-crypto/5.0.7.RELEASE/51112a1fdcd0d4964f74bcba8355d536b53ae9a8/spring-security-crypto-5.0.7.RELEASE.jar
7f11d8207000-7f11d820d000 r--s 00039000 08:11 6297966                    /home/ridwan/.gradle/caches/modules-2/files-2.1/org.apache.logging.log4j/log4j-api/2.10.0/fec5797a55b786184a537abd39c3fa1449d752d6/log4j-api-2.10.0.jar
7f11d820d000-7f11d8218000 r--s 00069000 08:11 6297965                    /home/ridwan/.gradle/caches/modules-2/files-2.1/ch.qos.logback/logback-core/1.2.3/864344400c3d4d92dfeb0a305dc87d953677c03c/logback-core-1.2.3.jar
7f11d8218000-7f11d8263000 r--s 002ff000 08:11 6297964                    /home/ridwan/.gradle/caches/modules-2/files-2.1/org.bouncycastle/bcprov-jdk15on/1.56/a153c6f9744a3e9dd6feab5e210e1c9861362ec7/bcprov-jdk15on-1.56.jar
7f11d8263000-7f11d8267000 r--s 00035000 08:11 6297963                    /home/ridwan/.gradle/caches/modules-2/files-2.1/org.codehaus.jackson/jackson-core-asl/1.9.13/3c304d70f42f832e0a86d45bd437f692129299a4/jackson-core-asl-1.9.13.jar
7f11d8267000-7f11d826a000 r--s 00016000 08:11 6297962                    /home/ridwan/.gradle/caches/modules-2/files-2.1/org.springframework.cloud/spring-cloud-context/2.0.0.M8/4bddeb99b5af8f887a18f51a693edb375d1cf7f4/spring-cloud-context-2.0.0.M8.jar
7f11d826a000-7f11d826e000 r--s 0004b000 08:11 6297960                    /home/ridwan/.gradle/caches/modules-2/files-2.1/com.fasterxml.jackson.core/jackson-core/2.9.3/ea9b6fc7bc3ccba9777b0827091f9aa1f8580371/jackson-core-2.9.3.jar
7f11d826e000-7f11d8271000 r--s 0000e000 08:11 6297961                    /home/ridwan/.gradle/caches/modules-2/files-2.1/com.fasterxml.jackson.core/jackson-annotations/2.9.0/7c10d545325e3a6e72e06381afe469fd40eb701/jackson-annotations-2.9.0.jar
7f11d8271000-7f11d8282000 r--s 00097000 08:11 6297959                    /home/ridwan/.gradle/caches/modules-2/files-2.1/org.bouncycastle/bcpkix-jdk15on/1.56/4648af70268b6fdb24674fb1fd7c1fcc73db1231/bcpkix-jdk15on-1.56.jar
7f11d8282000-7f11d8290000 r--s 000b1000 08:11 6291798                    /home/ridwan/.gradle/caches/modules-2/files-2.1/org.codehaus.jackson/jackson-mapper-asl/1.9.13/1ee2f2bed0e5dd29d1cb155a166e6f8d50bbddb7/jackson-mapper-asl-1.9.13.jar
7f11d8290000-7f11dc000000 rw-p 00000000 00:00 0 
7f11dc000000-7f11dc021000 rw-p 00000000 00:00 0 
7f11dc021000-7f11e0000000 ---p 00000000 00:00 0 
7f11e0000000-7f11e0021000 rw-p 00000000 00:00 0 
7f11e0021000-7f11e4000000 ---p 00000000 00:00 0 
7f11e4000000-7f11e4021000 rw-p 00000000 00:00 0 
7f11e4021000-7f11e8000000 ---p 00000000 00:00 0 
7f11e8000000-7f11e8001000 r--s 00000000 08:11 6293184                    /home/ridwan/.gradle/caches/modules-2/files-2.1/org.springframework.boot/spring-boot-starter-test/2.0.4.RELEASE/8f473705d2742b669f0318f10a956f94a93ba3d2/spring-boot-starter-test-2.0.4.RELEASE.jar
7f11e8001000-7f11e8002000 r--s 00004000 08:11 6297958                    /home/ridwan/.gradle/caches/modules-2/files-2.1/org.springframework.security/spring-security-rsa/1.0.5.RELEASE/31bd1111ada2f455eb0f492ed09e39deda18ca99/spring-security-rsa-1.0.5.RELEASE.jar
7f11e8002000-7f11e8004000 r--s 00004000 08:11 6293067                    /home/ridwan/.gradle/caches/modules-2/files-2.1/org.springframework/spring-jcl/5.0.8.RELEASE/a1fa8fb560fb252321776e16bc9ac8201af4ef5e/spring-jcl-5.0.8.RELEASE.jar
7f11e8004000-7f11e8006000 r--s 00006000 08:11 6297955                    /home/ridwan/.gradle/caches/modules-2/files-2.1/org.latencyutils/LatencyUtils/2.0.3/769c0b82cb2421c8256300e907298a9410a2a3d3/LatencyUtils-2.0.3.jar
7f11e8006000-7f11e8008000 r--s 0001b000 08:11 6297954                    /home/ridwan/.gradle/caches/modules-2/files-2.1/org.hdrhistogram/HdrHistogram/2.1.10/9e1ac84eed220281841b75e72fb9de5a297fbf04/HdrHistogram-2.1.10.jar
7f11e8008000-7f11e800d000 r--s 00012000 08:11 6297953                    /home/ridwan/.gradle/caches/modules-2/files-2.1/javax.validation/validation-api/2.0.1.Final/cb855558e6271b1b32e716d24cb85c7f583ce09e/validation-api-2.0.1.Final.jar
7f11e800d000-7f11e8012000 r--s 00037000 08:11 6293166                    /home/ridwan/.gradle/caches/modules-2/files-2.1/org.apache.tomcat.embed/tomcat-embed-el/8.5.32/e4fd0ee015d83fa1c5ec93ff1d05bdaf9a4480c5/tomcat-embed-el-8.5.32.jar
7f11e8012000-7f11e803b000 r--s 002d3000 08:11 6293165                    /home/ridwan/.gradle/caches/modules-2/files-2.1/org.apache.tomcat.embed/tomcat-embed-core/8.5.32/6bc6896200146010cc4666bdc6b9b0cbb453ee22/tomcat-embed-core-8.5.32.jar
7f11e803b000-7f11e8040000 r--s 0003a000 08:11 6293164                    /home/ridwan/.gradle/caches/modules-2/files-2.1/org.apache.tomcat.embed/tomcat-embed-websocket/8.5.32/ea5302e378f1449d4e5dda79e8d810c1e7931f91/tomcat-embed-websocket-8.5.32.jar
7f11e8040000-7f11e8053000 r--s 00134000 08:11 6297949                    /home/ridwan/.gradle/caches/modules-2/files-2.1/com.fasterxml.jackson.core/jackson-databind/2.9.3/193b96ef555b2f2573b576887ba9a93e4bf48e8c/jackson-databind-2.9.3.jar
7f11e8053000-7f11e8055000 r--s 00001000 08:11 6297948                    /home/ridwan/.gradle/caches/modules-2/files-2.1/com.fasterxml.jackson.module/jackson-module-parameter-names/2.9.3/34c22452e76a4074ef47070c2f5e7a1f0ff95d7/jackson-module-parameter-names-2.9.3.jar
7f11e8055000-7f11e8058000 r--s 00015000 08:11 6297947                    /home/ridwan/.gradle/caches/modules-2/files-2.1/com.fasterxml.jackson.datatype/jackson-datatype-jsr310/2.9.3/7d739db3f7975d082acbbade17986d018dc473c2/jackson-datatype-jsr310-2.9.3.jar
7f11e8058000-7f11e805a000 r--s 00007000 08:11 6297946                    /home/ridwan/.gradle/caches/modules-2/files-2.1/com.fasterxml.jackson.datatype/jackson-datatype-jdk8/2.9.3/75004a75b8a4d5927211141a679951d39999e6c4/jackson-datatype-jdk8-2.9.3.jar
7f11e805a000-7f11e805c000 r--s 00009000 08:11 6297945                    /home/ridwan/.gradle/caches/modules-2/files-2.1/org.slf4j/slf4j-api/1.7.25/da76ca59f6a57ee3102f8f9bd9cee742973efa8a/slf4j-api-1.7.25.jar
7f11e805c000-7f11e805e000 r--s 00000000 08:11 6297944                    /home/ridwan/.gradle/caches/modules-2/files-2.1/org.slf4j/jul-to-slf4j/1.7.25/af5364cd6679bfffb114f0dec8a157aaa283b76/jul-to-slf4j-1.7.25.jar
7f11e805e000-7f11e8060000 r--s 00003000 08:11 6297943                    /home/ridwan/.gradle/caches/modules-2/files-2.1/org.apache.logging.log4j/log4j-to-slf4j/2.10.0/f7e631ccf49cfc0aefa4a2a728da7d374c05bd3c/log4j-to-slf4j-2.10.0.jar
7f11e8060000-7f11e8066000 r--s 00041000 08:11 6297942                    /home/ridwan/.gradle/caches/modules-2/files-2.1/ch.qos.logback/logback-classic/1.2.3/7c4f3c474fb2c041d8028740440937705ebb473a/logback-classic-1.2.3.jar
7f11e8066000-7f11e806b000 r--s 00048000 08:11 6297941                    /home/ridwan/.gradle/caches/modules-2/files-2.1/dom4j/dom4j/1.6.1/5d3ccc056b6f056dbf0dddfdf43894b9065a8f94/dom4j-1.6.1.jar
7f11e806b000-7f11e806d000 r--s 0000e000 08:11 6297940                    /home/ridwan/.gradle/caches/modules-2/files-2.1/com.fasterxml/classmate/1.3.4/3d5f48f10bbe4eb7bd862f10c0583be2e0053c6/classmate-1.3.4.jar
7f11e806d000-7f11e8070000 r--s 0002b000 08:11 6297938                    /home/ridwan/.gradle/caches/modules-2/files-2.1/org.jboss/jandex/2.0.3.Final/bfc4d6257dbff7a33a357f0de116be6ff951d849/jandex-2.0.3.Final.jar
7f11e8070000-7f11e8075000 r--s 00068000 08:11 6297937                    /home/ridwan/.gradle/caches/modules-2/files-2.1/antlr/antlr/2.7.7/83cd2cd674a217ade95a4bb83a8a14f351f48bd0/antlr-2.7.7.jar
7f11e8075000-7f11e807f000 r--s 000ab000 08:11 6297939                    /home/ridwan/.gradle/caches/modules-2/files-2.1/org.javassist/javassist/3.22.0-GA/3e83394258ae2089be7219b971ec21a8288528ad/javassist-3.22.0-GA.jar
7f11e807f000-7f11e8084000 r--s 00017000 08:11 6293163                    /home/ridwan/.gradle/caches/modules-2/files-2.1/org.hibernate.javax.persistence/hibernate-jpa-2.1-api/1.0.2.Final/52afb5762c704a6b586e27742470c08f91877fc1/hibernate-jpa-2.1-api-1.0.2.Final.jar
7f11e8084000-7f11e8086000 r--s 0000f000 08:11 6297935                    /home/ridwan/.gradle/caches/modules-2/files-2.1/org.jboss.logging/jboss-logging/3.3.2.Final/3789d00e859632e6c6206adc0c71625559e6e3b0/jboss-logging-3.3.2.Final.jar
7f11e8086000-7f11e8089000 r--s 00010000 08:11 6297934                    /home/ridwan/.gradle/caches/modules-2/files-2.1/org.hibernate.common/hibernate-commons-annotations/5.0.1.Final/71e1cff3fcb20d3b3af4f3363c3ddb24d33c6879/hibernate-commons-annotations-5.0.1.Final.jar
7f11e8089000-7f11e808d000 r--s 00020000 08:11 6293162                    /home/ridwan/.gradle/caches/modules-2/files-2.1/com.zaxxer/HikariCP/2.7.9/a83113d2c091d0d0f853dad3217bd7df3beb6ae3/HikariCP-2.7.9.jar
7f11e808d000-7f11e80a6000 r--s 001bf000 08:11 6297931                    /home/ridwan/.gradle/caches/modules-2/files-2.1/org.aspectj/aspectjweaver/1.8.13/ad94df2a28d658a40dc27bbaff6a1ce5fbf04e9b/aspectjweaver-1.8.13.jar
7f11e80a6000-7f11e80ad000 r--s 00042000 08:11 6297930                    /home/ridwan/.gradle/caches/modules-2/files-2.1/org.yaml/snakeyaml/1.19/2d998d3d674b172a588e54ab619854d073f555b5/snakeyaml-1.19.jar
7f11e80ad000-7f11e80af000 r--s 00005000 08:11 6297929                    /home/ridwan/.gradle/caches/modules-2/files-2.1/javax.annotation/javax.annotation-api/1.3.2/934c04d3cfef185a8008e7bf34331b79730a9d43/javax.annotation-api-1.3.2.jar
7f11e80af000-7f11e80b0000 r--s 00000000 08:11 6293161                    /home/ridwan/.gradle/caches/modules-2/files-2.1/org.springframework.boot/spring-boot-starter-logging/2.0.4.RELEASE/dcd1a2c431c970f44adae64d9145133979a513ab/spring-boot-starter-logging-2.0.4.RELEASE.jar
7f11e80b0000-7f11e80b2000 r--s 00008000 08:11 6297927                    /home/ridwan/.gradle/caches/modules-2/files-2.1/org.springframework.security/spring-security-jwt/1.0.9.RELEASE/3b060c3c397a7638b07c2a4850e03affd335097f/spring-security-jwt-1.0.9.RELEASE.jar
7f11e80b2000-7f11e80ca000 r--s 00114000 08:11 6293068                    /home/ridwan/.gradle/caches/modules-2/files-2.1/org.springframework/spring-core/5.0.8.RELEASE/dc39c49e3246cdf73d3786ac41119140aed3fa08/spring-core-5.0.8.RELEASE.jar
7f11e80ca000-7f11e80cf000 r--s 00040000 08:11 6293160                    /home/ridwan/.gradle/caches/modules-2/files-2.1/org.springframework/spring-expression/5.0.8.RELEASE/f23158f22c917df2cddf2ecebc398a9e95f95fae/spring-expression-5.0.8.RELEASE.jar
7f11e80cf000-7f11e80dc000 r--s 00095000 08:11 6293159                    /home/ridwan/.gradle/caches/modules-2/files-2.1/org.springframework/spring-beans/5.0.8.RELEASE/5fc965d3e7f5515099244857a8ae9e2a208c169b/spring-beans-5.0.8.RELEASE.jar
7f11e80dc000-7f11e80e4000 r--s 00037000 08:11 6293158                    /home/ridwan/.gradle/caches/modules-2/files-2.1/org.springframework/spring-tx/5.0.8.RELEASE/b6488db6192f71bd682a13b9d42127307631c616/spring-tx-5.0.8.RELEASE.jar
7f11e80e4000-7f11e80fb000 r--s 000f1000 08:11 6293157                    /home/ridwan/.gradle/caches/modules-2/files-2.1/org.springframework.data/spring-data-commons/2.0.9.RELEASE/9c8f3ea29c9dd6e4c41876c46e9f5f4987390beb/spring-data-commons-2.0.9.RELEASE.jar
7f11e80fb000-7f11e8104000 r--s 00059000 08:11 6293154                    /home/ridwan/.gradle/caches/modules-2/files-2.1/org.springframework/spring-jdbc/5.0.8.RELEASE/efcf5f0ccaaa9deec2d9133c9d6bfbb7e55370ff/spring-jdbc-5.0.8.RELEASE.jar
7f11e8104000-7f11e8108000 r--s 0002b000 08:11 6293153                    /home/ridwan/.gradle/caches/modules-2/files-2.1/org.springframework/spring-orm/5.0.8.RELEASE/4da63072d1ed6a2eb4bc0a4c8da5e09f39b5021e/spring-orm-5.0.8.RELEASE.jar
7f11e8108000-7f11e8111000 r--s 00051000 08:11 6293152                    /home/ridwan/.gradle/caches/modules-2/files-2.1/org.springframework/spring-aop/5.0.8.RELEASE/f5086c1a3185c481104511837427b39a07a57aa2/spring-aop-5.0.8.RELEASE.jar
7f11e8111000-7f11e812b000 r--s 000f1000 08:11 6293150                    /home/ridwan/.gradle/caches/modules-2/files-2.1/org.springframework/spring-context/5.0.8.RELEASE/3a067d8990761111c9b6d1d895640be26cc1fb38/spring-context-5.0.8.RELEASE.jar
7f11e812b000-7f11e8140000 r--s 000d0000 08:11 6293149                    /home/ridwan/.gradle/caches/modules-2/files-2.1/org.springframework.boot/spring-boot/2.0.4.RELEASE/c8619c5b06d4dcdb4cac1e5e9c839e6e8b1c8574/spring-boot-2.0.4.RELEASE.jar
7f11e8140000-7f11e814e000 r--s 00064000 08:11 6293148                    /home/ridwan/.gradle/caches/modules-2/files-2.1/org.springframework.boot/spring-boot-actuator/2.0.4.RELEASE/9c02c968eb50a7cdc14fc4c7b586d767df6dc48d/spring-boot-actuator-2.0.4.RELEASE.jar
7f11e814e000-7f11e816f000 r--s 000fd000 08:11 6293147                    /home/ridwan/.gradle/caches/modules-2/files-2.1/org.springframework.boot/spring-boot-autoconfigure/2.0.4.RELEASE/65cd1244d606acc02ab7bfc47a203a3fe2400dda/spring-boot-autoconfigure-2.0.4.RELEASE.jar
7f11e816f000-7f11e8171000 r--s 00005000 08:11 6297912                    /home/ridwan/.gradle/caches/modules-2/files-2.1/stax/stax-api/1.0.1/49c100caf72d658aca8e58bd74a4ba90fa2b0d70/stax-api-1.0.1.jar
7f11e8171000-7f11e8178000 r--s 0004b000 08:11 6297909                    /home/ridwan/.gradle/caches/modules-2/files-2.1/commons-codec/commons-codec/1.11/3acb4705652e16236558f0f4f2192cc33c3bd189/commons-codec-1.11.jar
7f11e8178000-7f11e8185000 r--s 000af000 08:11 6293145                    /home/ridwan/.gradle/caches/modules-2/files-2.1/org.apache.httpcomponents/httpclient/4.5.6/1afe5621985efe90a92d0fbc9be86271efbe796f/httpclient-4.5.6.jar
7f11e8185000-7f11e818a000 r--s 0001c000 08:11 6297908                    /home/ridwan/.gradle/caches/modules-2/files-2.1/org.springframework.cloud/spring-cloud-commons/2.0.0.M8/500008e1901a2c72889a4d12d7004aeedf195d0a/spring-cloud-commons-2.0.0.M8.jar
7f11e818a000-7f11e818c000 r--s 00008000 08:11 6293729                    /home/ridwan/.gradle/caches/modules-2/files-2.1/commons-logging/commons-logging/1.0.4/f029a2aefe2b3e1517573c580f948caac31b1056/commons-logging-1.0.4.jar
7f11e818c000-7f11e8194000 r--s 0004f000 08:11 6293143                    /home/ridwan/.gradle/caches/modules-2/files-2.1/io.micrometer/micrometer-core/1.0.6/50299bc8a34c251d62311bbb1a297f3942a82e42/micrometer-core-1.0.6.jar
7f11e8194000-7f11e81a1000 r--s 00050000 08:11 6293139                    /home/ridwan/.gradle/caches/modules-2/files-2.1/org.springframework.boot/spring-boot-actuator-autoconfigure/2.0.4.RELEASE/2cadc1d20a1f9ee667a608cfee154138e954f5f2/spring-boot-actuator-autoconfigure-2.0.4.RELEASE.jar
7f11e81a1000-7f11e81bb000 r--s 0011b000 08:11 6293138                    /home/ridwan/.gradle/caches/modules-2/files-2.1/org.springframework/spring-web/5.0.8.RELEASE/fa43cdadb4ab2491fd1d0ddb06c0808e4b60fc85/spring-web-5.0.8.RELEASE.jar
7f11e81bb000-7f11e81cb000 r--s 000b2000 08:11 6293142                    /home/ridwan/.gradle/caches/modules-2/files-2.1/org.springframework/spring-webmvc/5.0.8.RELEASE/7e5fe57590ca8e4468e50fe1d92b0b67aa4a327a/spring-webmvc-5.0.8.RELEASE.jar
7f11e81cb000-7f11e81e8000 r--s 000fe000 08:11 6293136                    /home/ridwan/.gradle/caches/modules-2/files-2.1/org.hibernate.validator/hibernate-validator/6.0.11.Final/36f9d10a11e4768f55e8fb91ebe4338a5c43954e/hibernate-validator-6.0.11.Final.jar
7f11e81e8000-7f11e81e9000 r--s 00000000 08:11 6293134                    /home/ridwan/.gradle/caches/modules-2/files-2.1/org.springframework.boot/spring-boot-starter-tomcat/2.0.4.RELEASE/dcf28989a34b0801fea0e810c371fb9dab1e7784/spring-boot-starter-tomcat-2.0.4.RELEASE.jar
7f11e81e9000-7f11e81eb000 r--s 0000a000 08:11 6293135                    /home/ridwan/.gradle/caches/modules-2/files-2.1/org.springframework/spring-aspects/5.0.8.RELEASE/e66926466b8c72658d7e536923041dc93976baf3/spring-aspects-5.0.8.RELEASE.jar
7f11e81eb000-7f11e81f3000 r--s 0004b000 08:11 6293133                    /home/ridwan/.gradle/caches/modules-2/files-2.1/org.springframework.data/spring-data-jpa/2.0.9.RELEASE/30acb36f682367d93ed400b4324fe2559f0fcb/spring-data-jpa-2.0.9.RELEASE.jar
7f11e81f3000-7f11e81f5000 r--s 00006000 08:11 6297897                    /home/ridwan/.gradle/caches/modules-2/files-2.1/javax.transaction/javax.transaction-api/1.2/d81aff979d603edd90dcd8db2abc1f4ce6479e3e/javax.transaction-api-1.2.jar
7f11e81f5000-7f11e8273000 r--s 005f0000 08:11 6293137                    /home/ridwan/.gradle/caches/modules-2/files-2.1/org.hibernate/hibernate-core/5.2.17.Final/f2dc36470e7a2ffcf6106bb1625ecf5b54bb5f65/hibernate-core-5.2.17.Final.jar
7f11e8273000-7f11e8274000 r--s 00000000 08:11 6293141                    /home/ridwan/.gradle/caches/modules-2/files-2.1/org.springframework.boot/spring-boot-starter/2.0.4.RELEASE/ec46c63a2adeee40058eff1a6baefca13975dc94/spring-boot-starter-2.0.4.RELEASE.jar
7f11e8274000-7f11e8275000 r--s 00000000 08:11 6297895                    /home/ridwan/.gradle/caches/modules-2/files-2.1/org.springframework.cloud/spring-cloud-starter/2.0.0.M8/b9e41ecbeac88cbc2b1690a3e1f501caa3096d73/spring-cloud-starter-2.0.0.M8.jar
7f11e8275000-7f11e8276000 r--s 00000000 08:11 6293132                    /home/ridwan/.gradle/caches/modules-2/files-2.1/org.springframework.boot/spring-boot-starter-json/2.0.4.RELEASE/c7afabf0d7c85db178da4ce0634e3bd2ddb0eb71/spring-boot-starter-json-2.0.4.RELEASE.jar
7f11e8276000-7f11e8277000 r--s 00000000 08:11 6293128                    /home/ridwan/.gradle/caches/modules-2/files-2.1/org.springframework.boot/spring-boot-starter-jdbc/2.0.4.RELEASE/3e9b13a3bee8b8f9b2b9fde4f9e9aac0ccf2b3ba/spring-boot-starter-jdbc-2.0.4.RELEASE.jar
7f11e8277000-7f11e8278000 r--s 00000000 08:11 6293129                    /home/ridwan/.gradle/caches/modules-2/files-2.1/org.springframework.boot/spring-boot-starter-aop/2.0.4.RELEASE/5e963eb965b72e113a05351c482e3d613f04e59d/spring-boot-starter-aop-2.0.4.RELEASE.jar
7f11e8278000-7f11e827a000 r--s 00010000 08:11 6297890                    /home/ridwan/.gradle/caches/modules-2/files-2.1/javax.el/javax.el-api/3.0.0/60a59edc89f93d57541da31ee1c83428ab1cdcb3/javax.el-api-3.0.0.jar
7f11e827a000-7f11e8287000 r--s 0005b000 08:11 6297889                    /home/ridwan/.gradle/caches/modules-2/files-2.1/org.springframework.security/spring-security-core/5.0.4.RELEASE/f2924cd62fa8b14546b2b3c31dcd9e55abf9a5e/spring-security-core-5.0.4.RELEASE.jar
7f11e8287000-7f11e8295000 r--s 0006b000 08:11 6297887                    /home/ridwan/.gradle/caches/modules-2/files-2.1/org.springframework.security/spring-security-web/5.0.4.RELEASE/bd2592c928d043f70742fd8ae409f751a63132dd/spring-security-web-5.0.4.RELEASE.jar
7f11e8295000-7f11e82a0000 r--s 0009e000 08:11 6297886                    /home/ridwan/.gradle/caches/modules-2/files-2.1/org.springframework.security/spring-security-config/5.0.4.RELEASE/355fc8c3d1c61fe85915082587946ad346250d85/spring-security-config-5.0.4.RELEASE.jar
7f11e82a0000-7f11e82ad000 r--s 0006a000 08:11 6297885                    /home/ridwan/.gradle/caches/modules-2/files-2.1/org.springframework.security.oauth/spring-security-oauth2/2.2.1.RELEASE/963dee6004e5969511d594269af42b9cfc13a19f/spring-security-oauth2-2.2.1.RELEASE.jar
7f11e82ad000-7f11e82b1000 r--s 00011000 08:11 6297884                    /home/ridwan/.gradle/caches/modules-2/files-2.1/org.springframework.security.oauth.boot/spring-security-oauth2-autoconfigure/2.0.0.RELEASE/33a13c816d32b6360c4ab4fa34a80dbab4b4bbf1/spring-security-oauth2-autoconfigure-2.0.0.RELEASE.jar
7f11e82b1000-7f11e82b2000 r--s 00000000 08:11 6293127                    /home/ridwan/.gradle/caches/modules-2/files-2.1/org.springframework.boot/spring-boot-starter-security/2.0.4.RELEASE/2ac314e5985fd9ae0d2acaea450f4f6c3dbd7f92/spring-boot-starter-security-2.0.4.RELEASE.jar
7f11e82b2000-7f11e82b7000 r--s 00034000 08:11 6297882                    /home/ridwan/.gradle/caches/modules-2/files-2.1/com.google.code.gson/gson/2.7/751f548c85fa49f330cecbb1875893f971b33c4e/gson-2.7.jar
7f11e82b7000-7f11e82c0000 r--s 0006f000 08:11 6297879                    /home/ridwan/.gradle/caches/modules-2/files-2.1/log4j/log4j/1.2.17/5af35056b4d257e4b64b9e8069c0746e8b08629f/log4j-1.2.17.jar
7f11e82c0000-7f11e82c2000 r--s 0000a000 08:11 6297880                    /home/ridwan/.gradle/caches/modules-2/files-2.1/javax.ws.rs/jsr311-api/1.1.1/59033da2a1afd56af1ac576750a8d0b1830d59e6/jsr311-api-1.1.1.jar
7f11e82c2000-7f11e82cc000 r--s 00061000 08:11 6297878                    /home/ridwan/.gradle/caches/modules-2/files-2.1/com.sun.jersey/jersey-core/1.19.1/4282d106f2acd5051bd9bc2935ed9a2920c9385/jersey-core-1.19.1.jar
7f11e82cc000-7f11e82dc000 r--s 0009d000 08:11 6297866                    /home/ridwan/.gradle/caches/modules-2/files-2.1/com.sun.jersey/jersey-server/1.19.4/44df9a1310c1278b62658509aca3ca53978e8822/jersey-server-1.19.4.jar
7f11e82dc000-7f11e82de000 r--s 00003000 08:11 6297865                    /home/ridwan/.gradle/caches/modules-2/files-2.1/com.sun.jersey.contribs/jersey-spring/1.8/72c339e6d833bf73c1d09ad41d5eb1c39d184b24/jersey-spring-1.8.jar
7f11e82de000-7f11e82e1000 r--s 0001e000 08:11 6297875                    /home/ridwan/.gradle/caches/modules-2/files-2.1/com.sun.jersey/jersey-client/1.19.4/9b1f3cf3fdd02d313018f1a67c42106e6ce9f60d/jersey-client-1.19.4.jar
7f11e82e1000-7f11e82e8000 r--s 0009f000 08:11 6297874                    /home/ridwan/.gradle/caches/modules-2/files-2.1/org.postgresql/postgresql/9.4.1211/721e3017fab68db9f0b08537ec91b8d757973ca8/postgresql-9.4.1211.jar
7f11e82e8000-7f11e82ee000 r--s 00045000 08:11 6297871                    /home/ridwan/.gradle/caches/modules-2/files-2.1/commons-httpclient/commons-httpclient/3.1/964cd74171f427720480efdec40a7c7f6e58426a/commons-httpclient-3.1.jar
7f11e82ee000-7f11e8308000 r--s 00169000 08:11 6297970                    /home/ridwan/.gradle/caches/modules-2/files-2.1/org.mybatis/mybatis/3.4.1/c5624f69848187a6bf1865cf64467beecdb9fa68/mybatis-3.4.1.jar
7f11e8308000-7f11e839e000 r--s 0110a000 08:11 3156264                    /usr/lib/jvm/java-8-oracle/jre/lib/ext/jfxrt.jar
7f11e839e000-7f11e839f000 ---p 00000000 00:00 0 
7f11e839f000-7f11e849f000 rw-p 00000000 00:00 0 
7f11e849f000-7f11e84a2000 ---p 00000000 00:00 0 
7f11e84a2000-7f11e85a0000 rw-p 00000000 00:00 0 
7f11e85a0000-7f11e85a3000 ---p 00000000 00:00 0 
7f11e85a3000-7f11e86a1000 rw-p 00000000 00:00 0 
7f11e86a1000-7f11e86a4000 ---p 00000000 00:00 0 
7f11e86a4000-7f11e87a2000 rw-p 00000000 00:00 0 
7f11e87a2000-7f11e87a5000 ---p 00000000 00:00 0 
7f11e87a5000-7f11e88a3000 rw-p 00000000 00:00 0 
7f11e88a3000-7f11e88a6000 ---p 00000000 00:00 0 
7f11e88a6000-7f11e89a4000 rw-p 00000000 00:00 0 
7f11e89a4000-7f11e89a7000 ---p 00000000 00:00 0 
7f11e89a7000-7f11e8aa5000 rw-p 00000000 00:00 0 
7f11e8aa5000-7f11e8d7e000 r--p 00000000 08:11 1319042                    /usr/lib/locale/locale-archive
7f11e8d7e000-7f11e8d81000 ---p 00000000 00:00 0 
7f11e8d81000-7f11e8e7f000 rw-p 00000000 00:00 0 
7f11e8e7f000-7f11e8e82000 ---p 00000000 00:00 0 
7f11e8e82000-7f11e8f80000 rw-p 00000000 00:00 0 
7f11e8f80000-7f11e8f81000 ---p 00000000 00:00 0 
7f11e8f81000-7f11eacf3000 rw-p 00000000 00:00 0 
7f11eacf3000-7f11eaecc000 r--s 03d64000 08:11 2888199                    /usr/lib/jvm/java-8-oracle/jre/lib/rt.jar
7f11eaecc000-7f11ebaa3000 rw-p 00000000 00:00 0 
7f11ebaa3000-7f11ebaa4000 ---p 00000000 00:00 0 
7f11ebaa4000-7f11ebba4000 rw-p 00000000 00:00 0 
7f11ebba4000-7f11ebba5000 ---p 00000000 00:00 0 
7f11ebba5000-7f11ebca5000 rw-p 00000000 00:00 0 
7f11ebca5000-7f11ebca6000 ---p 00000000 00:00 0 
7f11ebca6000-7f11ebda6000 rw-p 00000000 00:00 0 
7f11ebda6000-7f11ebda7000 ---p 00000000 00:00 0 
7f11ebda7000-7f11ebea7000 rw-p 00000000 00:00 0 
7f11ebea7000-7f11ebea8000 ---p 00000000 00:00 0 
7f11ebea8000-7f11ebfa8000 rw-p 00000000 00:00 0 
7f11ebfa8000-7f11ebfa9000 ---p 00000000 00:00 0 
7f11ebfa9000-7f11ec0a9000 rw-p 00000000 00:00 0 
7f11ec0a9000-7f11ec0aa000 ---p 00000000 00:00 0 
7f11ec0aa000-7f11ec1d4000 rw-p 00000000 00:00 0 
7f11ec1d4000-7f11ec43a000 ---p 00000000 00:00 0 
7f11ec43a000-7f11ec464000 rw-p 00000000 00:00 0 
7f11ec464000-7f11ec6c9000 ---p 00000000 00:00 0 
7f11ec6c9000-7f11ec6ee000 rw-p 00000000 00:00 0 
7f11ec6ee000-7f11ec811000 ---p 00000000 00:00 0 
7f11ec811000-7f11ec825000 rw-p 00000000 00:00 0 
7f11ec825000-7f11ecbd2000 ---p 00000000 00:00 0 
7f11ecbd2000-7f11ed072000 rwxp 00000000 00:00 0 
7f11ed072000-7f11fbbd2000 ---p 00000000 00:00 0 
7f11fbbd2000-7f11fbbed000 r-xp 00000000 08:11 3413003                    /usr/lib/jvm/java-8-oracle/jre/lib/amd64/libzip.so
7f11fbbed000-7f11fbded000 ---p 0001b000 08:11 3413003                    /usr/lib/jvm/java-8-oracle/jre/lib/amd64/libzip.so
7f11fbded000-7f11fbdee000 rw-p 0001b000 08:11 3413003                    /usr/lib/jvm/java-8-oracle/jre/lib/amd64/libzip.so
7f11fbdee000-7f11fbdf9000 r-xp 00000000 08:11 4723676                    /lib/x86_64-linux-gnu/libnss_files-2.23.so
7f11fbdf9000-7f11fbff8000 ---p 0000b000 08:11 4723676                    /lib/x86_64-linux-gnu/libnss_files-2.23.so
7f11fbff8000-7f11fbff9000 r--p 0000a000 08:11 4723676                    /lib/x86_64-linux-gnu/libnss_files-2.23.so
7f11fbff9000-7f11fbffa000 rw-p 0000b000 08:11 4723676                    /lib/x86_64-linux-gnu/libnss_files-2.23.so
7f11fbffa000-7f11fc000000 rw-p 00000000 00:00 0 
7f11fc000000-7f11fcaca000 rw-p 00000000 00:00 0 
7f11fcaca000-7f1200000000 ---p 00000000 00:00 0 
7f1200000000-7f1200002000 r--s 00012000 08:11 6297873                    /home/ridwan/.gradle/caches/modules-2/files-2.1/org.codehaus.jettison/jettison/1.3.3/8e7d1b29e8da3c584d389019b28260ba71b57bb6/jettison-1.3.3.jar
7f1200002000-7f1200006000 r--s 0003c000 08:11 6297868                    /home/ridwan/.gradle/caches/modules-2/files-2.1/commons-lang/commons-lang/2.4/16313e02a793435009f1e458fa4af5d879f6fb11/commons-lang-2.4.jar
7f1200006000-7f1200009000 r--s 00013000 08:11 6297864                    /home/ridwan/.gradle/caches/modules-2/files-2.1/commons-pool/commons-pool/1.4/1a667c9d419dc4f185c9f8ebb66495e78e104f68/commons-pool-1.4.jar
7f1200009000-7f120000c000 r--s 00025000 08:11 6297867                    /home/ridwan/.gradle/caches/modules-2/files-2.1/commons-dbcp/commons-dbcp/1.4/30be73c965cc990b153a100aaaaafcf239f82d39/commons-dbcp-1.4.jar
7f120000c000-7f120000d000 r--s 00000000 08:11 6293126                    /home/ridwan/.gradle/caches/modules-2/files-2.1/org.springframework.boot/spring-boot-starter-actuator/2.0.4.RELEASE/24e901473279d9c18e0a0f8037d58b18c8297dca/spring-boot-starter-actuator-2.0.4.RELEASE.jar
7f120000d000-7f120000f000 r--s 00005000 08:11 6297862                    /home/ridwan/.gradle/caches/modules-2/files-2.1/org.springframework.cloud/spring-cloud-security/2.0.0.M3/8ac35d5896cc16029a5f9049021e581b3b40686f/spring-cloud-security-2.0.0.M3.jar
7f120000f000-7f1200014000 r--s 00084000 08:11 2888158                    /usr/lib/jvm/java-8-oracle/jre/lib/jfr.jar
7f1200014000-7f120008a000 rw-p 00000000 00:00 0 
7f120008a000-7f120008b000 ---p 00000000 00:00 0 
7f120008b000-7f120018b000 rw-p 00000000 00:00 0 
7f120018b000-7f1200196000 r-xp 00000000 08:11 4723856                    /lib/x86_64-linux-gnu/libnss_nis-2.23.so
7f1200196000-7f1200395000 ---p 0000b000 08:11 4723856                    /lib/x86_64-linux-gnu/libnss_nis-2.23.so
7f1200395000-7f1200396000 r--p 0000a000 08:11 4723856                    /lib/x86_64-linux-gnu/libnss_nis-2.23.so
7f1200396000-7f1200397000 rw-p 0000b000 08:11 4723856                    /lib/x86_64-linux-gnu/libnss_nis-2.23.so
7f1200397000-7f12003ad000 r-xp 00000000 08:11 4718609                    /lib/x86_64-linux-gnu/libnsl-2.23.so
7f12003ad000-7f12005ac000 ---p 00016000 08:11 4718609                    /lib/x86_64-linux-gnu/libnsl-2.23.so
7f12005ac000-7f12005ad000 r--p 00015000 08:11 4718609                    /lib/x86_64-linux-gnu/libnsl-2.23.so
7f12005ad000-7f12005ae000 rw-p 00016000 08:11 4718609                    /lib/x86_64-linux-gnu/libnsl-2.23.so
7f12005ae000-7f12005b0000 rw-p 00000000 00:00 0 
7f12005b0000-7f12005b8000 r-xp 00000000 08:11 4723573                    /lib/x86_64-linux-gnu/libnss_compat-2.23.so
7f12005b8000-7f12007b7000 ---p 00008000 08:11 4723573                    /lib/x86_64-linux-gnu/libnss_compat-2.23.so
7f12007b7000-7f12007b8000 r--p 00007000 08:11 4723573                    /lib/x86_64-linux-gnu/libnss_compat-2.23.so
7f12007b8000-7f12007b9000 rw-p 00008000 08:11 4723573                    /lib/x86_64-linux-gnu/libnss_compat-2.23.so
7f12007b9000-7f12007e4000 r-xp 00000000 08:11 3412997                    /usr/lib/jvm/java-8-oracle/jre/lib/amd64/libjava.so
7f12007e4000-7f12009e3000 ---p 0002b000 08:11 3412997                    /usr/lib/jvm/java-8-oracle/jre/lib/amd64/libjava.so
7f12009e3000-7f12009e5000 rw-p 0002a000 08:11 3412997                    /usr/lib/jvm/java-8-oracle/jre/lib/amd64/libjava.so
7f12009e5000-7f12009f2000 r-xp 00000000 08:11 3413002                    /usr/lib/jvm/java-8-oracle/jre/lib/amd64/libverify.so
7f12009f2000-7f1200bf2000 ---p 0000d000 08:11 3413002                    /usr/lib/jvm/java-8-oracle/jre/lib/amd64/libverify.so
7f1200bf2000-7f1200bf4000 rw-p 0000d000 08:11 3413002                    /usr/lib/jvm/java-8-oracle/jre/lib/amd64/libverify.so
7f1200bf4000-7f1200bfb000 r-xp 00000000 08:11 4723857                    /lib/x86_64-linux-gnu/librt-2.23.so
7f1200bfb000-7f1200dfa000 ---p 00007000 08:11 4723857                    /lib/x86_64-linux-gnu/librt-2.23.so
7f1200dfa000-7f1200dfb000 r--p 00006000 08:11 4723857                    /lib/x86_64-linux-gnu/librt-2.23.so
7f1200dfb000-7f1200dfc000 rw-p 00007000 08:11 4723857                    /lib/x86_64-linux-gnu/librt-2.23.so
7f1200dfc000-7f1200f04000 r-xp 00000000 08:11 4718606                    /lib/x86_64-linux-gnu/libm-2.23.so
7f1200f04000-7f1201103000 ---p 00108000 08:11 4718606                    /lib/x86_64-linux-gnu/libm-2.23.so
7f1201103000-7f1201104000 r--p 00107000 08:11 4718606                    /lib/x86_64-linux-gnu/libm-2.23.so
7f1201104000-7f1201105000 rw-p 00108000 08:11 4718606                    /lib/x86_64-linux-gnu/libm-2.23.so
7f1201105000-7f1201dde000 r-xp 00000000 08:11 3412980                    /usr/lib/jvm/java-8-oracle/jre/lib/amd64/server/libjvm.so
7f1201dde000-7f1201fdd000 ---p 00cd9000 08:11 3412980                    /usr/lib/jvm/java-8-oracle/jre/lib/amd64/server/libjvm.so
7f1201fdd000-7f12020b6000 rw-p 00cd8000 08:11 3412980                    /usr/lib/jvm/java-8-oracle/jre/lib/amd64/server/libjvm.so
7f12020b6000-7f1202102000 rw-p 00000000 00:00 0 
7f1202102000-7f12022c2000 r-xp 00000000 08:11 4718681                    /lib/x86_64-linux-gnu/libc-2.23.so
7f12022c2000-7f12024c2000 ---p 001c0000 08:11 4718681                    /lib/x86_64-linux-gnu/libc-2.23.so
7f12024c2000-7f12024c6000 r--p 001c0000 08:11 4718681                    /lib/x86_64-linux-gnu/libc-2.23.so
7f12024c6000-7f12024c8000 rw-p 001c4000 08:11 4718681                    /lib/x86_64-linux-gnu/libc-2.23.so
7f12024c8000-7f12024cc000 rw-p 00000000 00:00 0 
7f12024cc000-7f12024cf000 r-xp 00000000 08:11 4718684                    /lib/x86_64-linux-gnu/libdl-2.23.so
7f12024cf000-7f12026ce000 ---p 00003000 08:11 4718684                    /lib/x86_64-linux-gnu/libdl-2.23.so
7f12026ce000-7f12026cf000 r--p 00002000 08:11 4718684                    /lib/x86_64-linux-gnu/libdl-2.23.so
7f12026cf000-7f12026d0000 rw-p 00003000 08:11 4718684                    /lib/x86_64-linux-gnu/libdl-2.23.so
7f12026d0000-7f12026e6000 r-xp 00000000 08:11 2235237                    /usr/lib/jvm/java-8-oracle/lib/amd64/jli/libjli.so
7f12026e6000-7f12028e5000 ---p 00016000 08:11 2235237                    /usr/lib/jvm/java-8-oracle/lib/amd64/jli/libjli.so
7f12028e5000-7f12028e6000 rw-p 00015000 08:11 2235237                    /usr/lib/jvm/java-8-oracle/lib/amd64/jli/libjli.so
7f12028e6000-7f12028fe000 r-xp 00000000 08:11 4718680                    /lib/x86_64-linux-gnu/libpthread-2.23.so
7f12028fe000-7f1202afd000 ---p 00018000 08:11 4718680                    /lib/x86_64-linux-gnu/libpthread-2.23.so
7f1202afd000-7f1202afe000 r--p 00017000 08:11 4718680                    /lib/x86_64-linux-gnu/libpthread-2.23.so
7f1202afe000-7f1202aff000 rw-p 00018000 08:11 4718680                    /lib/x86_64-linux-gnu/libpthread-2.23.so
7f1202aff000-7f1202b03000 rw-p 00000000 00:00 0 
7f1202b03000-7f1202b29000 r-xp 00000000 08:11 4718676                    /lib/x86_64-linux-gnu/ld-2.23.so
7f1202b29000-7f1202b2a000 r--s 00000000 08:11 6293125                    /home/ridwan/.gradle/caches/modules-2/files-2.1/org.springframework.boot/spring-boot-starter-web/2.0.4.RELEASE/98d49e981ecf804da877d84259b7b0d1ec2fb6f6/spring-boot-starter-web-2.0.4.RELEASE.jar
7f1202b2a000-7f1202b2b000 r--s 00000000 08:11 6297863                    /home/ridwan/.gradle/caches/modules-2/files-2.1/org.springframework.cloud/spring-cloud-starter-security/2.0.0.M3/3e40fe97bc6444e3532b1657b070eae9bc9590c6/spring-cloud-starter-security-2.0.0.M3.jar
7f1202b2b000-7f1202b2c000 r--s 00000000 08:11 6297861                    /home/ridwan/.gradle/caches/modules-2/files-2.1/org.springframework.cloud/spring-cloud-starter-oauth2/1.2.2.RELEASE/502da27080e1cae22d681cd3f1db0bc3558c67bd/spring-cloud-starter-oauth2-1.2.2.RELEASE.jar
7f1202b2c000-7f1202b2d000 r--s 00000000 08:11 6293131                    /home/ridwan/.gradle/caches/modules-2/files-2.1/org.springframework.boot/spring-boot-starter-data-jpa/2.0.4.RELEASE/69970d3a7c353d8e727e2c6b2a9e621114f5e089/spring-boot-starter-data-jpa-2.0.4.RELEASE.jar
7f1202b2d000-7f1202b32000 r--s 002f9000 08:11 2888197                    /usr/lib/jvm/java-8-oracle/jre/lib/charsets.jar
7f1202b32000-7f1202b35000 r--s 0001a000 08:11 2888210                    /usr/lib/jvm/java-8-oracle/jre/lib/jce.jar
7f1202b35000-7f1202c00000 rw-p 00000000 00:00 0 
7f1202c00000-7f1202c03000 ---p 00000000 00:00 0 
7f1202c03000-7f1202d06000 rw-p 00000000 00:00 0 
7f1202d06000-7f1202d0b000 r--s 0009d000 08:11 2888204                    /usr/lib/jvm/java-8-oracle/jre/lib/jsse.jar
7f1202d0b000-7f1202d1e000 r--s 00345000 08:11 2888203                    /usr/lib/jvm/java-8-oracle/jre/lib/resources.jar
7f1202d1e000-7f1202d26000 rw-s 00000000 08:11 7088439                    /tmp/hsperfdata_ridwan/6885
7f1202d26000-7f1202d27000 rw-p 00000000 00:00 0 
7f1202d27000-7f1202d28000 ---p 00000000 00:00 0 
7f1202d28000-7f1202d29000 r--p 00025000 08:11 4718676                    /lib/x86_64-linux-gnu/ld-2.23.so
7f1202d29000-7f1202d2a000 rw-p 00026000 08:11 4718676                    /lib/x86_64-linux-gnu/ld-2.23.so
7f1202d2a000-7f1202d2b000 rw-p 00000000 00:00 0 
7ffc0c7c1000-7ffc0c7e7000 rw-p 00000000 00:00 0                          [stack]
7ffc0c7ea000-7ffc0c7ed000 r--p 00000000 00:00 0                          [vvar]
7ffc0c7ed000-7ffc0c7ef000 r-xp 00000000 00:00 0                          [vdso]
ffffffffff600000-ffffffffff601000 r-xp 00000000 00:00 0                  [vsyscall]

VM Arguments:
jvm_args: -Dfile.encoding=UTF-8 
java_command: com.egeroo.composer.ComposerApplication
java_class_path (initial): /usr/lib/jvm/java-8-oracle/jre/lib/resources.jar:/usr/lib/jvm/java-8-oracle/jre/lib/rt.jar:/usr/lib/jvm/java-8-oracle/jre/lib/jsse.jar:/usr/lib/jvm/java-8-oracle/jre/lib/jce.jar:/usr/lib/jvm/java-8-oracle/jre/lib/charsets.jar:/usr/lib/jvm/java-8-oracle/jre/lib/jfr.jar:/usr/lib/jvm/java-8-oracle/jre/lib/ext/jaccess.jar:/usr/lib/jvm/java-8-oracle/jre/lib/ext/nashorn.jar:/usr/lib/jvm/java-8-oracle/jre/lib/ext/jfxrt.jar:/usr/lib/jvm/java-8-oracle/jre/lib/ext/zipfs.jar:/usr/lib/jvm/java-8-oracle/jre/lib/ext/sunpkcs11.jar:/usr/lib/jvm/java-8-oracle/jre/lib/ext/localedata.jar:/usr/lib/jvm/java-8-oracle/jre/lib/ext/sunjce_provider.jar:/usr/lib/jvm/java-8-oracle/jre/lib/ext/dnsns.jar:/usr/lib/jvm/java-8-oracle/jre/lib/ext/cldrdata.jar:/usr/lib/jvm/java-8-oracle/jre/lib/ext/sunec.jar:/home/ridwan/Documents/Roo-Composer/bin/main:/home/ridwan/Documents/Roo-Composer/bin/test:/Roo-Composer/bin/default:/home/ridwan/.gradle/caches/modules-2/files-2.1/org.springframework.boot/spring-boot-starter-data-jpa/2.0.4.RELEASE/69970d3a7c353d8e727e2c6b2a9e621114f5e089/spring-boot-starter-data-jpa-2.0.4.RELEASE.jar:/home/ridwan/.gradle/caches/modules-2/files-2.1/org.springframework.cloud/spring-cloud-starter-oauth2/1.2.2.RELEASE/502da27080e1cae22d681cd3f1db0bc3558c67bd/spring-cloud-starter-oauth2-1.2.2.RELEASE.jar:/home/ridwan/.gradle/caches/modules-2/files-2.1/org.springframework.cloud/spring-cloud-starter-security/2.0.0.M3/3e40fe97bc6444e3532b1657b070eae9bc9590c6/spring-cloud-starter-security-2.0.0.M3.jar:/home/ridwan/.gradle/caches/modules-2/files-2.1/org.springframework.cloud/spring-cloud-security/2.0.0.M3/8ac35d5896cc16029a5f9049021e581b3b40686f/spring-cloud-security-2.0.0.M3.jar:/home/ridwan/.gradle/caches/modules-2/files-2.1/org.springframework.boot/spring-boot-starter-web/2.0.4.RELEASE/98d49e981ecf804da877d84259b7b0d1ec2fb6f6/spring-boot-starter-web-2.0.4.RELEASE.jar:/home/ridwan/.gradle/caches/modules-2/files-2.1/org.springframework.boot/spring-boot-starte
Launcher Type: SUN_STANDARD

Environment Variables:
JAVA_HOME=/usr/lib/jvm/java-8-oracle
PATH=/home/ridwan/.local/share/umake/bin:/home/ridwan/bin:/home/ridwan/.local/bin:/usr/local/sbin:/usr/local/bin:/usr/sbin:/usr/bin:/sbin:/bin:/usr/games:/usr/local/games:/snap/bin:/usr/lib/jvm/java-8-oracle/bin:/usr/lib/jvm/java-8-oracle/db/bin:/usr/lib/jvm/java-8-oracle/jre/bin
SHELL=/bin/bash
DISPLAY=:0

Signal Handlers:
SIGSEGV: [libjvm.so+0xad01e0], sa_mask[0]=11111111011111111101111111111110, sa_flags=SA_RESTART|SA_SIGINFO
SIGBUS: [libjvm.so+0xad01e0], sa_mask[0]=11111111011111111101111111111110, sa_flags=SA_RESTART|SA_SIGINFO
SIGFPE: [libjvm.so+0x927fb0], sa_mask[0]=11111111011111111101111111111110, sa_flags=SA_RESTART|SA_SIGINFO
SIGPIPE: [libjvm.so+0x927fb0], sa_mask[0]=11111111011111111101111111111110, sa_flags=SA_RESTART|SA_SIGINFO
SIGXFSZ: [libjvm.so+0x927fb0], sa_mask[0]=11111111011111111101111111111110, sa_flags=SA_RESTART|SA_SIGINFO
SIGILL: [libjvm.so+0x927fb0], sa_mask[0]=11111111011111111101111111111110, sa_flags=SA_RESTART|SA_SIGINFO
SIGUSR1: SIG_DFL, sa_mask[0]=00000000000000000000000000000000, sa_flags=none
SIGUSR2: [libjvm.so+0x9297f0], sa_mask[0]=00100000000000000000000000000000, sa_flags=SA_RESTART|SA_SIGINFO
SIGHUP: [libjvm.so+0x92abf0], sa_mask[0]=11111111011111111101111111111110, sa_flags=SA_RESTART|SA_SIGINFO
SIGINT: [libjvm.so+0x92abf0], sa_mask[0]=11111111011111111101111111111110, sa_flags=SA_RESTART|SA_SIGINFO
SIGTERM: [libjvm.so+0x92abf0], sa_mask[0]=11111111011111111101111111111110, sa_flags=SA_RESTART|SA_SIGINFO
SIGQUIT: [libjvm.so+0x92abf0], sa_mask[0]=11111111011111111101111111111110, sa_flags=SA_RESTART|SA_SIGINFO


---------------  S Y S T E M  ---------------

OS:DISTRIB_ID=Ubuntu
DISTRIB_RELEASE=16.04
DISTRIB_CODENAME=xenial
DISTRIB_DESCRIPTION="Ubuntu 16.04.4 LTS"

uname:Linux 4.13.0-041300-generic #201709031731 SMP Sun Sep 3 21:33:09 UTC 2017 x86_64
libc:glibc 2.23 NPTL 2.23 
rlimit: STACK 8192k, CORE 0k, NPROC 30949, NOFILE 1048576, AS infinity
load average:1,15 1,09 1,08

/proc/meminfo:
MemTotal:        8052596 kB
MemFree:         1898820 kB
MemAvailable:    4066312 kB
Buffers:          510708 kB
Cached:          1665280 kB
SwapCached:            0 kB
Active:          4165064 kB
Inactive:        1013972 kB
Active(anon):    3008244 kB
Inactive(anon):   109916 kB
Active(file):    1156820 kB
Inactive(file):   904056 kB
Unevictable:          80 kB
Mlocked:              80 kB
SwapTotal:      781449212 kB
SwapFree:       781449212 kB
Dirty:               432 kB
Writeback:             0 kB
AnonPages:       3003304 kB
Mapped:           716444 kB
Shmem:            115088 kB
Slab:             480544 kB
SReclaimable:     416528 kB
SUnreclaim:        64016 kB
KernelStack:       13856 kB
PageTables:        46428 kB
NFS_Unstable:          0 kB
Bounce:                0 kB
WritebackTmp:          0 kB
CommitLimit:    785475508 kB
Committed_AS:    9518380 kB
VmallocTotal:   34359738367 kB
VmallocUsed:           0 kB
VmallocChunk:          0 kB
HardwareCorrupted:     0 kB
AnonHugePages:         0 kB
ShmemHugePages:        0 kB
ShmemPmdMapped:        0 kB
CmaTotal:              0 kB
CmaFree:               0 kB
HugePages_Total:       0
HugePages_Free:        0
HugePages_Rsvd:        0
HugePages_Surp:        0
Hugepagesize:       2048 kB
DirectMap4k:      352616 kB
DirectMap2M:     7917568 kB
DirectMap1G:           0 kB


CPU:total 8 (initial active 8) (4 cores per cpu, 2 threads per core) family 6 model 158 stepping 9, cmov, cx8, fxsr, mmx, sse, sse2, sse3, ssse3, sse4.1, sse4.2, popcnt, avx, avx2, aes, clmul, erms, 3dnowpref, lzcnt, ht, tsc, tscinvbit, bmi1, bmi2, adx

/proc/cpuinfo:
processor	: 0
vendor_id	: GenuineIntel
cpu family	: 6
model		: 158
model name	: Intel(R) Core(TM) i7-7700HQ CPU @ 2.80GHz
stepping	: 9
microcode	: 0x5e
cpu MHz		: 2800.000
cache size	: 6144 KB
physical id	: 0
siblings	: 8
core id		: 0
cpu cores	: 4
apicid		: 0
initial apicid	: 0
fpu		: yes
fpu_exception	: yes
cpuid level	: 22
wp		: yes
flags		: fpu vme de pse tsc msr pae mce cx8 apic sep mtrr pge mca cmov pat pse36 clflush dts acpi mmx fxsr sse sse2 ss ht tm pbe syscall nx pdpe1gb rdtscp lm constant_tsc art arch_perfmon pebs bts rep_good nopl xtopology nonstop_tsc cpuid aperfmperf tsc_known_freq pni pclmulqdq dtes64 monitor ds_cpl vmx est tm2 ssse3 sdbg fma cx16 xtpr pdcm pcid sse4_1 sse4_2 x2apic movbe popcnt tsc_deadline_timer aes xsave avx f16c rdrand lahf_lm abm 3dnowprefetch cpuid_fault epb intel_pt tpr_shadow vnmi flexpriority ept vpid fsgsbase tsc_adjust bmi1 avx2 smep bmi2 erms invpcid mpx rdseed adx smap clflushopt xsaveopt xsavec xgetbv1 xsaves dtherm ida arat pln pts hwp hwp_notify hwp_act_window hwp_epp
bugs		:
bogomips	: 5616.00
clflush size	: 64
cache_alignment	: 64
address sizes	: 39 bits physical, 48 bits virtual
power management:

processor	: 1
vendor_id	: GenuineIntel
cpu family	: 6
model		: 158
model name	: Intel(R) Core(TM) i7-7700HQ CPU @ 2.80GHz
stepping	: 9
microcode	: 0x5e
cpu MHz		: 2800.000
cache size	: 6144 KB
physical id	: 0
siblings	: 8
core id		: 1
cpu cores	: 4
apicid		: 2
initial apicid	: 2
fpu		: yes
fpu_exception	: yes
cpuid level	: 22
wp		: yes
flags		: fpu vme de pse tsc msr pae mce cx8 apic sep mtrr pge mca cmov pat pse36 clflush dts acpi mmx fxsr sse sse2 ss ht tm pbe syscall nx pdpe1gb rdtscp lm constant_tsc art arch_perfmon pebs bts rep_good nopl xtopology nonstop_tsc cpuid aperfmperf tsc_known_freq pni pclmulqdq dtes64 monitor ds_cpl vmx est tm2 ssse3 sdbg fma cx16 xtpr pdcm pcid sse4_1 sse4_2 x2apic movbe popcnt tsc_deadline_timer aes xsave avx f16c rdrand lahf_lm abm 3dnowprefetch cpuid_fault epb intel_pt tpr_shadow vnmi flexpriority ept vpid fsgsbase tsc_adjust bmi1 avx2 smep bmi2 erms invpcid mpx rdseed adx smap clflushopt xsaveopt xsavec xgetbv1 xsaves dtherm ida arat pln pts hwp hwp_notify hwp_act_window hwp_epp
bugs		:
bogomips	: 5617.16
clflush size	: 64
cache_alignment	: 64
address sizes	: 39 bits physical, 48 bits virtual
power management:

processor	: 2
vendor_id	: GenuineIntel
cpu family	: 6
model		: 158
model name	: Intel(R) Core(TM) i7-7700HQ CPU @ 2.80GHz
stepping	: 9
microcode	: 0x5e
cpu MHz		: 2800.000
cache size	: 6144 KB
physical id	: 0
siblings	: 8
core id		: 2
cpu cores	: 4
apicid		: 4
initial apicid	: 4
fpu		: yes
fpu_exception	: yes
cpuid level	: 22
wp		: yes
flags		: fpu vme de pse tsc msr pae mce cx8 apic sep mtrr pge mca cmov pat pse36 clflush dts acpi mmx fxsr sse sse2 ss ht tm pbe syscall nx pdpe1gb rdtscp lm constant_tsc art arch_perfmon pebs bts rep_good nopl xtopology nonstop_tsc cpuid aperfmperf tsc_known_freq pni pclmulqdq dtes64 monitor ds_cpl vmx est tm2 ssse3 sdbg fma cx16 xtpr pdcm pcid sse4_1 sse4_2 x2apic movbe popcnt tsc_deadline_timer aes xsave avx f16c rdrand lahf_lm abm 3dnowprefetch cpuid_fault epb intel_pt tpr_shadow vnmi flexpriority ept vpid fsgsbase tsc_adjust bmi1 avx2 smep bmi2 erms invpcid mpx rdseed adx smap clflushopt xsaveopt xsavec xgetbv1 xsaves dtherm ida arat pln pts hwp hwp_notify hwp_act_window hwp_epp
bugs		:
bogomips	: 5617.23
clflush size	: 64
cache_alignment	: 64
address sizes	: 39 bits physical, 48 bits virtual
power management:

processor	: 3
vendor_id	: GenuineIntel
cpu family	: 6
model		: 158
model name	: Intel(R) Core(TM) i7-7700HQ CPU @ 2.80GHz
stepping	: 9
microcode	: 0x5e
cpu MHz		: 2800.000
cache size	: 6144 KB
physical id	: 0
siblings	: 8
core id		: 3
cpu cores	: 4
apicid		: 6
initial apicid	: 6
fpu		: yes
fpu_exception	: yes
cpuid level	: 22
wp		: yes
flags		: fpu vme de pse tsc msr pae mce cx8 apic sep mtrr pge mca cmov pat pse36 clflush dts acpi mmx fxsr sse sse2 ss ht tm pbe syscall nx pdpe1gb rdtscp lm constant_tsc art arch_perfmon pebs bts rep_good nopl xtopology nonstop_tsc cpuid aperfmperf tsc_known_freq pni pclmulqdq dtes64 monitor ds_cpl vmx est tm2 ssse3 sdbg fma cx16 xtpr pdcm pcid sse4_1 sse4_2 x2apic movbe popcnt tsc_deadline_timer aes xsave avx f16c rdrand lahf_lm abm 3dnowprefetch cpuid_fault epb intel_pt tpr_shadow vnmi flexpriority ept vpid fsgsbase tsc_adjust bmi1 avx2 smep bmi2 erms invpcid mpx rdseed adx smap clflushopt xsaveopt xsavec xgetbv1 xsaves dtherm ida arat pln pts hwp hwp_notify hwp_act_window hwp_epp
bugs		:
bogomips	: 5617.22
clflush size	: 64
cache_alignment	: 64
address sizes	: 39 bits physical, 48 bits virtual
power management:

processor	: 4
vendor_id	: GenuineIntel
cpu family	: 6
model		: 158
model name	: Intel(R) Core(TM) i7-7700HQ CPU @ 2.80GHz
stepping	: 9
microcode	: 0x5e
cpu MHz		: 2800.000
cache size	: 6144 KB
physical id	: 0
siblings	: 8
core id		: 0
cpu cores	: 4
apicid		: 1
initial apicid	: 1
fpu		: yes
fpu_exception	: yes
cpuid level	: 22
wp		: yes
flags		: fpu vme de pse tsc msr pae mce cx8 apic sep mtrr pge mca cmov pat pse36 clflush dts acpi mmx fxsr sse sse2 ss ht tm pbe syscall nx pdpe1gb rdtscp lm constant_tsc art arch_perfmon pebs bts rep_good nopl xtopology nonstop_tsc cpuid aperfmperf tsc_known_freq pni pclmulqdq dtes64 monitor ds_cpl vmx est tm2 ssse3 sdbg fma cx16 xtpr pdcm pcid sse4_1 sse4_2 x2apic movbe popcnt tsc_deadline_timer aes xsave avx f16c rdrand lahf_lm abm 3dnowprefetch cpuid_fault epb intel_pt tpr_shadow vnmi flexpriority ept vpid fsgsbase tsc_adjust bmi1 avx2 smep bmi2 erms invpcid mpx rdseed adx smap clflushopt xsaveopt xsavec xgetbv1 xsaves dtherm ida arat pln pts hwp hwp_notify hwp_act_window hwp_epp
bugs		:
bogomips	: 5617.69
clflush size	: 64
cache_alignment	: 64
address sizes	: 39 bits physical, 48 bits virtual
power management:

processor	: 5
vendor_id	: GenuineIntel
cpu family	: 6
model		: 158
model name	: Intel(R) Core(TM) i7-7700HQ CPU @ 2.80GHz
stepping	: 9
microcode	: 0x5e
cpu MHz		: 2800.000
cache size	: 6144 KB
physical id	: 0
siblings	: 8
core id		: 1
cpu cores	: 4
apicid		: 3
initial apicid	: 3
fpu		: yes
fpu_exception	: yes
cpuid level	: 22
wp		: yes
flags		: fpu vme de pse tsc msr pae mce cx8 apic sep mtrr pge mca cmov pat pse36 clflush dts acpi mmx fxsr sse sse2 ss ht tm pbe syscall nx pdpe1gb rdtscp lm constant_tsc art arch_perfmon pebs bts rep_good nopl xtopology nonstop_tsc cpuid aperfmperf tsc_known_freq pni pclmulqdq dtes64 monitor ds_cpl vmx est tm2 ssse3 sdbg fma cx16 xtpr pdcm pcid sse4_1 sse4_2 x2apic movbe popcnt tsc_deadline_timer aes xsave avx f16c rdrand lahf_lm abm 3dnowprefetch cpuid_fault epb intel_pt tpr_shadow vnmi flexpriority ept vpid fsgsbase tsc_adjust bmi1 avx2 smep bmi2 erms invpcid mpx rdseed adx smap clflushopt xsaveopt xsavec xgetbv1 xsaves dtherm ida arat pln pts hwp hwp_notify hwp_act_window hwp_epp
bugs		:
bogomips	: 5617.21
clflush size	: 64
cache_alignment	: 64
address sizes	: 39 bits physical, 48 bits virtual
power management:

processor	: 6
vendor_id	: GenuineIntel
cpu family	: 6
model		: 158
model name	: Intel(R) Core(TM) i7-7700HQ CPU @ 2.80GHz
stepping	: 9
microcode	: 0x5e
cpu MHz		: 2800.000
cache size	: 6144 KB
physical id	: 0
siblings	: 8
core id		: 2
cpu cores	: 4
apicid		: 5
initial apicid	: 5
fpu		: yes
fpu_exception	: yes
cpuid level	: 22
wp		: yes
flags		: fpu vme de pse tsc msr pae mce cx8 apic sep mtrr pge mca cmov pat pse36 clflush dts acpi mmx fxsr sse sse2 ss ht tm pbe syscall nx pdpe1gb rdtscp lm constant_tsc art arch_perfmon pebs bts rep_good nopl xtopology nonstop_tsc cpuid aperfmperf tsc_known_freq pni pclmulqdq dtes64 monitor ds_cpl vmx est tm2 ssse3 sdbg fma cx16 xtpr pdcm pcid sse4_1 sse4_2 x2apic movbe popcnt tsc_deadline_timer aes xsave avx f16c rdrand lahf_lm abm 3dnowprefetch cpuid_fault epb intel_pt tpr_shadow vnmi flexpriority ept vpid fsgsbase tsc_adjust bmi1 avx2 smep bmi2 erms invpcid mpx rdseed adx smap clflushopt xsaveopt xsavec xgetbv1 xsaves dtherm ida arat pln pts hwp hwp_notify hwp_act_window hwp_epp
bugs		:
bogomips	: 5617.25
clflush size	: 64
cache_alignment	: 64
address sizes	: 39 bits physical, 48 bits virtual
power management:

processor	: 7
vendor_id	: GenuineIntel
cpu family	: 6
model		: 158
model name	: Intel(R) Core(TM) i7-7700HQ CPU @ 2.80GHz
stepping	: 9
microcode	: 0x5e
cpu MHz		: 2800.000
cache size	: 6144 KB
physical id	: 0
siblings	: 8
core id		: 3
cpu cores	: 4
apicid		: 7
initial apicid	: 7
fpu		: yes
fpu_exception	: yes
cpuid level	: 22
wp		: yes
flags		: fpu vme de pse tsc msr pae mce cx8 apic sep mtrr pge mca cmov pat pse36 clflush dts acpi mmx fxsr sse sse2 ss ht tm pbe syscall nx pdpe1gb rdtscp lm constant_tsc art arch_perfmon pebs bts rep_good nopl xtopology nonstop_tsc cpuid aperfmperf tsc_known_freq pni pclmulqdq dtes64 monitor ds_cpl vmx est tm2 ssse3 sdbg fma cx16 xtpr pdcm pcid sse4_1 sse4_2 x2apic movbe popcnt tsc_deadline_timer aes xsave avx f16c rdrand lahf_lm abm 3dnowprefetch cpuid_fault epb intel_pt tpr_shadow vnmi flexpriority ept vpid fsgsbase tsc_adjust bmi1 avx2 smep bmi2 erms invpcid mpx rdseed adx smap clflushopt xsaveopt xsavec xgetbv1 xsaves dtherm ida arat pln pts hwp hwp_notify hwp_act_window hwp_epp
bugs		:
bogomips	: 5617.22
clflush size	: 64
cache_alignment	: 64
address sizes	: 39 bits physical, 48 bits virtual
power management:



Memory: 4k page, physical 8052596k(1898820k free), swap 781449212k(781449212k free)

vm_info: Java HotSpot(TM) 64-Bit Server VM (25.161-b12) for linux-amd64 JRE (1.8.0_161-b12), built on Dec 19 2017 16:12:43 by "java_re" with gcc 4.3.0 20080428 (Red Hat 4.3.0-8)

time: Thu Oct  4 11:38:27 2018
elapsed time: 1 seconds (0d 0h 0m 1s)

